<?xml version="1.0" encoding="UTF-8"?>
<testsuites name="jest tests" tests="202" failures="52" errors="0" time="21.3">
  <testsuite name="CartService" errors="0" failures="1" skipped="0" timestamp="2025-10-06T13:36:38" time="14.813" tests="15">
    <testcase classname="CartService" name="should be defined" time="0.027">
    </testcase>
    <testcase classname="CartService &gt; create" name="should create and save a cart" time="0.004">
    </testcase>
    <testcase classname="CartService &gt; create" name="should throw if user not found" time="0.089">
    </testcase>
    <testcase classname="CartService &gt; findOne" name="should return a cart if found" time="0.002">
    </testcase>
    <testcase classname="CartService &gt; findOne" name="should throw if not found" time="0.014">
    </testcase>
    <testcase classname="CartService &gt; update" name="should update and save a cart" time="0.003">
    </testcase>
    <testcase classname="CartService &gt; update" name="should throw if not found" time="0.002">
    </testcase>
    <testcase classname="CartService &gt; remove" name="should delete a cart if found" time="0.045">
      <failure>TypeError: this.cartItemRepository.remove is not a function
    at CartService.remove (/Users/davidef/Desktop/Icesi/7 semestre/Compunet3/ProyectoFinalBueno/Backend/project-backend-aromalife-adn/src/cart/cart.service.ts:109:37)
    at processTicksAndRejections (node:internal/process/task_queues:105:5)
    at Object.&lt;anonymous&gt; (/Users/davidef/Desktop/Icesi/7 semestre/Compunet3/ProyectoFinalBueno/Backend/project-backend-aromalife-adn/test/unitTest/cart/cart.service.spec.ts:132:7)</failure>
    </testcase>
    <testcase classname="CartService &gt; remove" name="should throw if not found" time="0.002">
    </testcase>
    <testcase classname="CartService &gt; addItem" name="should add an item to a cart" time="0.003">
    </testcase>
    <testcase classname="CartService &gt; addItem" name="should throw if cart not found" time="0.002">
    </testcase>
    <testcase classname="CartService &gt; updateItem" name="should update a cart item" time="0.073">
    </testcase>
    <testcase classname="CartService &gt; updateItem" name="should throw if cart item not found" time="0.004">
    </testcase>
    <testcase classname="CartService &gt; removeItem" name="should remove a cart item" time="0.003">
    </testcase>
    <testcase classname="CartService &gt; removeItem" name="should throw if cart item not found" time="0.003">
    </testcase>
  </testsuite>
  <testsuite name="IntendedImpactService" errors="0" failures="2" skipped="0" timestamp="2025-10-06T13:36:38" time="15.187" tests="8">
    <testcase classname="IntendedImpactService" name="should be defined" time="0.071">
    </testcase>
    <testcase classname="IntendedImpactService &gt; create" name="should create and return an intended impact" time="0.026">
      <failure>TypeError: this.mainOptionRepo.findOne is not a function
    at IntendedImpactService.findOne [as create] (/Users/davidef/Desktop/Icesi/7 semestre/Compunet3/ProyectoFinalBueno/Backend/project-backend-aromalife-adn/src/intendedImpacts/intendedImpact.service.ts:31:52)
    at Object.&lt;anonymous&gt; (/Users/davidef/Desktop/Icesi/7 semestre/Compunet3/ProyectoFinalBueno/Backend/project-backend-aromalife-adn/test/unitTest/intendedImpact/intendedImpact.service.spec.ts:68:36)
    at Promise.then.completed (/Users/davidef/Desktop/Icesi/7 semestre/Compunet3/ProyectoFinalBueno/Backend/project-backend-aromalife-adn/node_modules/jest-circus/build/utils.js:298:28)
    at new Promise (&lt;anonymous&gt;)
    at callAsyncCircusFn (/Users/davidef/Desktop/Icesi/7 semestre/Compunet3/ProyectoFinalBueno/Backend/project-backend-aromalife-adn/node_modules/jest-circus/build/utils.js:231:10)
    at _callCircusTest (/Users/davidef/Desktop/Icesi/7 semestre/Compunet3/ProyectoFinalBueno/Backend/project-backend-aromalife-adn/node_modules/jest-circus/build/run.js:316:40)
    at processTicksAndRejections (node:internal/process/task_queues:105:5)
    at _runTest (/Users/davidef/Desktop/Icesi/7 semestre/Compunet3/ProyectoFinalBueno/Backend/project-backend-aromalife-adn/node_modules/jest-circus/build/run.js:252:3)
    at _runTestsForDescribeBlock (/Users/davidef/Desktop/Icesi/7 semestre/Compunet3/ProyectoFinalBueno/Backend/project-backend-aromalife-adn/node_modules/jest-circus/build/run.js:126:9)
    at _runTestsForDescribeBlock (/Users/davidef/Desktop/Icesi/7 semestre/Compunet3/ProyectoFinalBueno/Backend/project-backend-aromalife-adn/node_modules/jest-circus/build/run.js:121:9)
    at _runTestsForDescribeBlock (/Users/davidef/Desktop/Icesi/7 semestre/Compunet3/ProyectoFinalBueno/Backend/project-backend-aromalife-adn/node_modules/jest-circus/build/run.js:121:9)
    at run (/Users/davidef/Desktop/Icesi/7 semestre/Compunet3/ProyectoFinalBueno/Backend/project-backend-aromalife-adn/node_modules/jest-circus/build/run.js:71:3)
    at runAndTransformResultsToJestFormat (/Users/davidef/Desktop/Icesi/7 semestre/Compunet3/ProyectoFinalBueno/Backend/project-backend-aromalife-adn/node_modules/jest-circus/build/legacy-code-todo-rewrite/jestAdapterInit.js:122:21)
    at jestAdapter (/Users/davidef/Desktop/Icesi/7 semestre/Compunet3/ProyectoFinalBueno/Backend/project-backend-aromalife-adn/node_modules/jest-circus/build/legacy-code-todo-rewrite/jestAdapter.js:79:19)
    at runTestInternal (/Users/davidef/Desktop/Icesi/7 semestre/Compunet3/ProyectoFinalBueno/Backend/project-backend-aromalife-adn/node_modules/jest-runner/build/runTest.js:367:16)
    at runTest (/Users/davidef/Desktop/Icesi/7 semestre/Compunet3/ProyectoFinalBueno/Backend/project-backend-aromalife-adn/node_modules/jest-runner/build/runTest.js:444:34)
    at Object.worker (/Users/davidef/Desktop/Icesi/7 semestre/Compunet3/ProyectoFinalBueno/Backend/project-backend-aromalife-adn/node_modules/jest-runner/build/testWorker.js:106:12)</failure>
    </testcase>
    <testcase classname="IntendedImpactService &gt; findAll" name="should return all intended impacts" time="0.004">
    </testcase>
    <testcase classname="IntendedImpactService &gt; findAll" name="should throw if no intended impacts found" time="0.003">
    </testcase>
    <testcase classname="IntendedImpactService &gt; findOne" name="should return one intended impact" time="0.016">
    </testcase>
    <testcase classname="IntendedImpactService &gt; findOne" name="should throw if intended impact not found" time="0.002">
    </testcase>
    <testcase classname="IntendedImpactService &gt; update" name="should update and return the intended impact" time="0.002">
      <failure>TypeError: this.mainOptionRepo.findOne is not a function
    at IntendedImpactService.findOne [as update] (/Users/davidef/Desktop/Icesi/7 semestre/Compunet3/ProyectoFinalBueno/Backend/project-backend-aromalife-adn/src/intendedImpacts/intendedImpact.service.ts:96:52)
    at processTicksAndRejections (node:internal/process/task_queues:105:5)
    at Object.&lt;anonymous&gt; (/Users/davidef/Desktop/Icesi/7 semestre/Compunet3/ProyectoFinalBueno/Backend/project-backend-aromalife-adn/test/unitTest/intendedImpact/intendedImpact.service.spec.ts:112:22)</failure>
    </testcase>
    <testcase classname="IntendedImpactService &gt; remove" name="should delete the intended impact" time="0.003">
    </testcase>
  </testsuite>
  <testsuite name="OrderItemService" errors="0" failures="0" skipped="0" timestamp="2025-10-06T13:36:38" time="15.271" tests="16">
    <testcase classname="OrderItemService" name="should be defined" time="0.074">
    </testcase>
    <testcase classname="OrderItemService &gt; create" name="should create an order item" time="0.005">
    </testcase>
    <testcase classname="OrderItemService &gt; create" name="should throw if order not found" time="0.054">
    </testcase>
    <testcase classname="OrderItemService &gt; findAll" name="should return an array of order items" time="0.003">
    </testcase>
    <testcase classname="OrderItemService &gt; findOne" name="should return an order item" time="0.061">
    </testcase>
    <testcase classname="OrderItemService &gt; findOne" name="should throw if order item not found" time="0.005">
    </testcase>
    <testcase classname="OrderItemService &gt; update" name="should update an order item" time="0.003">
    </testcase>
    <testcase classname="OrderItemService &gt; update" name="should throw if order item not found" time="0.002">
    </testcase>
    <testcase classname="OrderItemService &gt; remove" name="should remove an order item" time="0.003">
    </testcase>
    <testcase classname="OrderItemService &gt; remove" name="should throw if order item not found" time="0.003">
    </testcase>
    <testcase classname="OrderItemService &gt; assignCandle" name="should assign a candle to an order item" time="0.002">
    </testcase>
    <testcase classname="OrderItemService &gt; assignCandle" name="should throw if order item not found" time="0.002">
    </testcase>
    <testcase classname="OrderItemService &gt; assignGift" name="should assign a gift to an order item" time="0.002">
    </testcase>
    <testcase classname="OrderItemService &gt; assignGift" name="should throw if order item not found" time="0.08">
    </testcase>
    <testcase classname="OrderItemService &gt; assignOrder" name="should assign an order to an order item" time="0.002">
    </testcase>
    <testcase classname="OrderItemService &gt; assignOrder" name="should throw if order item not found" time="0.004">
    </testcase>
  </testsuite>
  <testsuite name="ContainersService" errors="0" failures="9" skipped="0" timestamp="2025-10-06T13:36:38" time="15.423" tests="9">
    <testcase classname="ContainersService" name="should be defined" time="0.04">
      <failure>Error: Nest can&apos;t resolve dependencies of the ContainersService (ContainerRepository, ?). Please make sure that the argument CloudinaryService at index [1] is available in the RootTestModule context.

Potential solutions:
- Is RootTestModule a valid NestJS module?
- If CloudinaryService is a provider, is it part of the current RootTestModule?
- If CloudinaryService is exported from a separate @Module, is that module imported within RootTestModule?
  @Module({
    imports: [ /* the Module containing CloudinaryService */ ]
  })

    at TestingInjector.lookupComponentInParentModules (/Users/davidef/Desktop/Icesi/7 semestre/Compunet3/ProyectoFinalBueno/Backend/project-backend-aromalife-adn/node_modules/@nestjs/core/injector/injector.js:262:19)
    at processTicksAndRejections (node:internal/process/task_queues:105:5)
    at TestingInjector.resolveComponentInstance (/Users/davidef/Desktop/Icesi/7 semestre/Compunet3/ProyectoFinalBueno/Backend/project-backend-aromalife-adn/node_modules/@nestjs/core/injector/injector.js:215:33)
    at TestingInjector.resolveComponentInstance (/Users/davidef/Desktop/Icesi/7 semestre/Compunet3/ProyectoFinalBueno/Backend/project-backend-aromalife-adn/node_modules/@nestjs/testing/testing-injector.js:19:45)
    at resolveParam (/Users/davidef/Desktop/Icesi/7 semestre/Compunet3/ProyectoFinalBueno/Backend/project-backend-aromalife-adn/node_modules/@nestjs/core/injector/injector.js:129:38)
    at async Promise.all (index 1)
    at TestingInjector.resolveConstructorParams (/Users/davidef/Desktop/Icesi/7 semestre/Compunet3/ProyectoFinalBueno/Backend/project-backend-aromalife-adn/node_modules/@nestjs/core/injector/injector.js:144:27)
    at TestingInjector.loadInstance (/Users/davidef/Desktop/Icesi/7 semestre/Compunet3/ProyectoFinalBueno/Backend/project-backend-aromalife-adn/node_modules/@nestjs/core/injector/injector.js:70:13)
    at TestingInjector.loadProvider (/Users/davidef/Desktop/Icesi/7 semestre/Compunet3/ProyectoFinalBueno/Backend/project-backend-aromalife-adn/node_modules/@nestjs/core/injector/injector.js:98:9)
    at /Users/davidef/Desktop/Icesi/7 semestre/Compunet3/ProyectoFinalBueno/Backend/project-backend-aromalife-adn/node_modules/@nestjs/core/injector/instance-loader.js:56:13
    at async Promise.all (index 3)
    at TestingInstanceLoader.createInstancesOfProviders (/Users/davidef/Desktop/Icesi/7 semestre/Compunet3/ProyectoFinalBueno/Backend/project-backend-aromalife-adn/node_modules/@nestjs/core/injector/instance-loader.js:55:9)
    at /Users/davidef/Desktop/Icesi/7 semestre/Compunet3/ProyectoFinalBueno/Backend/project-backend-aromalife-adn/node_modules/@nestjs/core/injector/instance-loader.js:40:13
    at async Promise.all (index 1)
    at TestingInstanceLoader.createInstances (/Users/davidef/Desktop/Icesi/7 semestre/Compunet3/ProyectoFinalBueno/Backend/project-backend-aromalife-adn/node_modules/@nestjs/core/injector/instance-loader.js:39:9)
    at TestingInstanceLoader.createInstancesOfDependencies (/Users/davidef/Desktop/Icesi/7 semestre/Compunet3/ProyectoFinalBueno/Backend/project-backend-aromalife-adn/node_modules/@nestjs/core/injector/instance-loader.js:22:13)
    at TestingInstanceLoader.createInstancesOfDependencies (/Users/davidef/Desktop/Icesi/7 semestre/Compunet3/ProyectoFinalBueno/Backend/project-backend-aromalife-adn/node_modules/@nestjs/testing/testing-instance-loader.js:9:9)
    at TestingModuleBuilder.createInstancesOfDependencies (/Users/davidef/Desktop/Icesi/7 semestre/Compunet3/ProyectoFinalBueno/Backend/project-backend-aromalife-adn/node_modules/@nestjs/testing/testing-module.builder.js:118:9)
    at TestingModuleBuilder.compile (/Users/davidef/Desktop/Icesi/7 semestre/Compunet3/ProyectoFinalBueno/Backend/project-backend-aromalife-adn/node_modules/@nestjs/testing/testing-module.builder.js:74:9)
    at Object.&lt;anonymous&gt; (/Users/davidef/Desktop/Icesi/7 semestre/Compunet3/ProyectoFinalBueno/Backend/project-backend-aromalife-adn/test/unitTest/containers/containers.service.spec.ts:36:35)</failure>
    </testcase>
    <testcase classname="ContainersService &gt; create" name="should create a container" time="0.003">
      <failure>Error: Nest can&apos;t resolve dependencies of the ContainersService (ContainerRepository, ?). Please make sure that the argument CloudinaryService at index [1] is available in the RootTestModule context.

Potential solutions:
- Is RootTestModule a valid NestJS module?
- If CloudinaryService is a provider, is it part of the current RootTestModule?
- If CloudinaryService is exported from a separate @Module, is that module imported within RootTestModule?
  @Module({
    imports: [ /* the Module containing CloudinaryService */ ]
  })

    at TestingInjector.lookupComponentInParentModules (/Users/davidef/Desktop/Icesi/7 semestre/Compunet3/ProyectoFinalBueno/Backend/project-backend-aromalife-adn/node_modules/@nestjs/core/injector/injector.js:262:19)
    at processTicksAndRejections (node:internal/process/task_queues:105:5)
    at TestingInjector.resolveComponentInstance (/Users/davidef/Desktop/Icesi/7 semestre/Compunet3/ProyectoFinalBueno/Backend/project-backend-aromalife-adn/node_modules/@nestjs/core/injector/injector.js:215:33)
    at TestingInjector.resolveComponentInstance (/Users/davidef/Desktop/Icesi/7 semestre/Compunet3/ProyectoFinalBueno/Backend/project-backend-aromalife-adn/node_modules/@nestjs/testing/testing-injector.js:19:45)
    at resolveParam (/Users/davidef/Desktop/Icesi/7 semestre/Compunet3/ProyectoFinalBueno/Backend/project-backend-aromalife-adn/node_modules/@nestjs/core/injector/injector.js:129:38)
    at async Promise.all (index 1)
    at TestingInjector.resolveConstructorParams (/Users/davidef/Desktop/Icesi/7 semestre/Compunet3/ProyectoFinalBueno/Backend/project-backend-aromalife-adn/node_modules/@nestjs/core/injector/injector.js:144:27)
    at TestingInjector.loadInstance (/Users/davidef/Desktop/Icesi/7 semestre/Compunet3/ProyectoFinalBueno/Backend/project-backend-aromalife-adn/node_modules/@nestjs/core/injector/injector.js:70:13)
    at TestingInjector.loadProvider (/Users/davidef/Desktop/Icesi/7 semestre/Compunet3/ProyectoFinalBueno/Backend/project-backend-aromalife-adn/node_modules/@nestjs/core/injector/injector.js:98:9)
    at /Users/davidef/Desktop/Icesi/7 semestre/Compunet3/ProyectoFinalBueno/Backend/project-backend-aromalife-adn/node_modules/@nestjs/core/injector/instance-loader.js:56:13
    at async Promise.all (index 3)
    at TestingInstanceLoader.createInstancesOfProviders (/Users/davidef/Desktop/Icesi/7 semestre/Compunet3/ProyectoFinalBueno/Backend/project-backend-aromalife-adn/node_modules/@nestjs/core/injector/instance-loader.js:55:9)
    at /Users/davidef/Desktop/Icesi/7 semestre/Compunet3/ProyectoFinalBueno/Backend/project-backend-aromalife-adn/node_modules/@nestjs/core/injector/instance-loader.js:40:13
    at async Promise.all (index 1)
    at TestingInstanceLoader.createInstances (/Users/davidef/Desktop/Icesi/7 semestre/Compunet3/ProyectoFinalBueno/Backend/project-backend-aromalife-adn/node_modules/@nestjs/core/injector/instance-loader.js:39:9)
    at TestingInstanceLoader.createInstancesOfDependencies (/Users/davidef/Desktop/Icesi/7 semestre/Compunet3/ProyectoFinalBueno/Backend/project-backend-aromalife-adn/node_modules/@nestjs/core/injector/instance-loader.js:22:13)
    at TestingInstanceLoader.createInstancesOfDependencies (/Users/davidef/Desktop/Icesi/7 semestre/Compunet3/ProyectoFinalBueno/Backend/project-backend-aromalife-adn/node_modules/@nestjs/testing/testing-instance-loader.js:9:9)
    at TestingModuleBuilder.createInstancesOfDependencies (/Users/davidef/Desktop/Icesi/7 semestre/Compunet3/ProyectoFinalBueno/Backend/project-backend-aromalife-adn/node_modules/@nestjs/testing/testing-module.builder.js:118:9)
    at TestingModuleBuilder.compile (/Users/davidef/Desktop/Icesi/7 semestre/Compunet3/ProyectoFinalBueno/Backend/project-backend-aromalife-adn/node_modules/@nestjs/testing/testing-module.builder.js:74:9)
    at Object.&lt;anonymous&gt; (/Users/davidef/Desktop/Icesi/7 semestre/Compunet3/ProyectoFinalBueno/Backend/project-backend-aromalife-adn/test/unitTest/containers/containers.service.spec.ts:36:35)</failure>
    </testcase>
    <testcase classname="ContainersService &gt; findAll" name="should return an array of containers" time="0.011">
      <failure>Error: Nest can&apos;t resolve dependencies of the ContainersService (ContainerRepository, ?). Please make sure that the argument CloudinaryService at index [1] is available in the RootTestModule context.

Potential solutions:
- Is RootTestModule a valid NestJS module?
- If CloudinaryService is a provider, is it part of the current RootTestModule?
- If CloudinaryService is exported from a separate @Module, is that module imported within RootTestModule?
  @Module({
    imports: [ /* the Module containing CloudinaryService */ ]
  })

    at TestingInjector.lookupComponentInParentModules (/Users/davidef/Desktop/Icesi/7 semestre/Compunet3/ProyectoFinalBueno/Backend/project-backend-aromalife-adn/node_modules/@nestjs/core/injector/injector.js:262:19)
    at processTicksAndRejections (node:internal/process/task_queues:105:5)
    at TestingInjector.resolveComponentInstance (/Users/davidef/Desktop/Icesi/7 semestre/Compunet3/ProyectoFinalBueno/Backend/project-backend-aromalife-adn/node_modules/@nestjs/core/injector/injector.js:215:33)
    at TestingInjector.resolveComponentInstance (/Users/davidef/Desktop/Icesi/7 semestre/Compunet3/ProyectoFinalBueno/Backend/project-backend-aromalife-adn/node_modules/@nestjs/testing/testing-injector.js:19:45)
    at resolveParam (/Users/davidef/Desktop/Icesi/7 semestre/Compunet3/ProyectoFinalBueno/Backend/project-backend-aromalife-adn/node_modules/@nestjs/core/injector/injector.js:129:38)
    at async Promise.all (index 1)
    at TestingInjector.resolveConstructorParams (/Users/davidef/Desktop/Icesi/7 semestre/Compunet3/ProyectoFinalBueno/Backend/project-backend-aromalife-adn/node_modules/@nestjs/core/injector/injector.js:144:27)
    at TestingInjector.loadInstance (/Users/davidef/Desktop/Icesi/7 semestre/Compunet3/ProyectoFinalBueno/Backend/project-backend-aromalife-adn/node_modules/@nestjs/core/injector/injector.js:70:13)
    at TestingInjector.loadProvider (/Users/davidef/Desktop/Icesi/7 semestre/Compunet3/ProyectoFinalBueno/Backend/project-backend-aromalife-adn/node_modules/@nestjs/core/injector/injector.js:98:9)
    at /Users/davidef/Desktop/Icesi/7 semestre/Compunet3/ProyectoFinalBueno/Backend/project-backend-aromalife-adn/node_modules/@nestjs/core/injector/instance-loader.js:56:13
    at async Promise.all (index 3)
    at TestingInstanceLoader.createInstancesOfProviders (/Users/davidef/Desktop/Icesi/7 semestre/Compunet3/ProyectoFinalBueno/Backend/project-backend-aromalife-adn/node_modules/@nestjs/core/injector/instance-loader.js:55:9)
    at /Users/davidef/Desktop/Icesi/7 semestre/Compunet3/ProyectoFinalBueno/Backend/project-backend-aromalife-adn/node_modules/@nestjs/core/injector/instance-loader.js:40:13
    at async Promise.all (index 1)
    at TestingInstanceLoader.createInstances (/Users/davidef/Desktop/Icesi/7 semestre/Compunet3/ProyectoFinalBueno/Backend/project-backend-aromalife-adn/node_modules/@nestjs/core/injector/instance-loader.js:39:9)
    at TestingInstanceLoader.createInstancesOfDependencies (/Users/davidef/Desktop/Icesi/7 semestre/Compunet3/ProyectoFinalBueno/Backend/project-backend-aromalife-adn/node_modules/@nestjs/core/injector/instance-loader.js:22:13)
    at TestingInstanceLoader.createInstancesOfDependencies (/Users/davidef/Desktop/Icesi/7 semestre/Compunet3/ProyectoFinalBueno/Backend/project-backend-aromalife-adn/node_modules/@nestjs/testing/testing-instance-loader.js:9:9)
    at TestingModuleBuilder.createInstancesOfDependencies (/Users/davidef/Desktop/Icesi/7 semestre/Compunet3/ProyectoFinalBueno/Backend/project-backend-aromalife-adn/node_modules/@nestjs/testing/testing-module.builder.js:118:9)
    at TestingModuleBuilder.compile (/Users/davidef/Desktop/Icesi/7 semestre/Compunet3/ProyectoFinalBueno/Backend/project-backend-aromalife-adn/node_modules/@nestjs/testing/testing-module.builder.js:74:9)
    at Object.&lt;anonymous&gt; (/Users/davidef/Desktop/Icesi/7 semestre/Compunet3/ProyectoFinalBueno/Backend/project-backend-aromalife-adn/test/unitTest/containers/containers.service.spec.ts:36:35)</failure>
    </testcase>
    <testcase classname="ContainersService &gt; findOne" name="should return a container" time="0.003">
      <failure>Error: Nest can&apos;t resolve dependencies of the ContainersService (ContainerRepository, ?). Please make sure that the argument CloudinaryService at index [1] is available in the RootTestModule context.

Potential solutions:
- Is RootTestModule a valid NestJS module?
- If CloudinaryService is a provider, is it part of the current RootTestModule?
- If CloudinaryService is exported from a separate @Module, is that module imported within RootTestModule?
  @Module({
    imports: [ /* the Module containing CloudinaryService */ ]
  })

    at TestingInjector.lookupComponentInParentModules (/Users/davidef/Desktop/Icesi/7 semestre/Compunet3/ProyectoFinalBueno/Backend/project-backend-aromalife-adn/node_modules/@nestjs/core/injector/injector.js:262:19)
    at processTicksAndRejections (node:internal/process/task_queues:105:5)
    at TestingInjector.resolveComponentInstance (/Users/davidef/Desktop/Icesi/7 semestre/Compunet3/ProyectoFinalBueno/Backend/project-backend-aromalife-adn/node_modules/@nestjs/core/injector/injector.js:215:33)
    at TestingInjector.resolveComponentInstance (/Users/davidef/Desktop/Icesi/7 semestre/Compunet3/ProyectoFinalBueno/Backend/project-backend-aromalife-adn/node_modules/@nestjs/testing/testing-injector.js:19:45)
    at resolveParam (/Users/davidef/Desktop/Icesi/7 semestre/Compunet3/ProyectoFinalBueno/Backend/project-backend-aromalife-adn/node_modules/@nestjs/core/injector/injector.js:129:38)
    at async Promise.all (index 1)
    at TestingInjector.resolveConstructorParams (/Users/davidef/Desktop/Icesi/7 semestre/Compunet3/ProyectoFinalBueno/Backend/project-backend-aromalife-adn/node_modules/@nestjs/core/injector/injector.js:144:27)
    at TestingInjector.loadInstance (/Users/davidef/Desktop/Icesi/7 semestre/Compunet3/ProyectoFinalBueno/Backend/project-backend-aromalife-adn/node_modules/@nestjs/core/injector/injector.js:70:13)
    at TestingInjector.loadProvider (/Users/davidef/Desktop/Icesi/7 semestre/Compunet3/ProyectoFinalBueno/Backend/project-backend-aromalife-adn/node_modules/@nestjs/core/injector/injector.js:98:9)
    at /Users/davidef/Desktop/Icesi/7 semestre/Compunet3/ProyectoFinalBueno/Backend/project-backend-aromalife-adn/node_modules/@nestjs/core/injector/instance-loader.js:56:13
    at async Promise.all (index 3)
    at TestingInstanceLoader.createInstancesOfProviders (/Users/davidef/Desktop/Icesi/7 semestre/Compunet3/ProyectoFinalBueno/Backend/project-backend-aromalife-adn/node_modules/@nestjs/core/injector/instance-loader.js:55:9)
    at /Users/davidef/Desktop/Icesi/7 semestre/Compunet3/ProyectoFinalBueno/Backend/project-backend-aromalife-adn/node_modules/@nestjs/core/injector/instance-loader.js:40:13
    at async Promise.all (index 1)
    at TestingInstanceLoader.createInstances (/Users/davidef/Desktop/Icesi/7 semestre/Compunet3/ProyectoFinalBueno/Backend/project-backend-aromalife-adn/node_modules/@nestjs/core/injector/instance-loader.js:39:9)
    at TestingInstanceLoader.createInstancesOfDependencies (/Users/davidef/Desktop/Icesi/7 semestre/Compunet3/ProyectoFinalBueno/Backend/project-backend-aromalife-adn/node_modules/@nestjs/core/injector/instance-loader.js:22:13)
    at TestingInstanceLoader.createInstancesOfDependencies (/Users/davidef/Desktop/Icesi/7 semestre/Compunet3/ProyectoFinalBueno/Backend/project-backend-aromalife-adn/node_modules/@nestjs/testing/testing-instance-loader.js:9:9)
    at TestingModuleBuilder.createInstancesOfDependencies (/Users/davidef/Desktop/Icesi/7 semestre/Compunet3/ProyectoFinalBueno/Backend/project-backend-aromalife-adn/node_modules/@nestjs/testing/testing-module.builder.js:118:9)
    at TestingModuleBuilder.compile (/Users/davidef/Desktop/Icesi/7 semestre/Compunet3/ProyectoFinalBueno/Backend/project-backend-aromalife-adn/node_modules/@nestjs/testing/testing-module.builder.js:74:9)
    at Object.&lt;anonymous&gt; (/Users/davidef/Desktop/Icesi/7 semestre/Compunet3/ProyectoFinalBueno/Backend/project-backend-aromalife-adn/test/unitTest/containers/containers.service.spec.ts:36:35)</failure>
    </testcase>
    <testcase classname="ContainersService &gt; findOne" name="should throw NotFoundException if container not found" time="0.002">
      <failure>Error: Nest can&apos;t resolve dependencies of the ContainersService (ContainerRepository, ?). Please make sure that the argument CloudinaryService at index [1] is available in the RootTestModule context.

Potential solutions:
- Is RootTestModule a valid NestJS module?
- If CloudinaryService is a provider, is it part of the current RootTestModule?
- If CloudinaryService is exported from a separate @Module, is that module imported within RootTestModule?
  @Module({
    imports: [ /* the Module containing CloudinaryService */ ]
  })

    at TestingInjector.lookupComponentInParentModules (/Users/davidef/Desktop/Icesi/7 semestre/Compunet3/ProyectoFinalBueno/Backend/project-backend-aromalife-adn/node_modules/@nestjs/core/injector/injector.js:262:19)
    at processTicksAndRejections (node:internal/process/task_queues:105:5)
    at TestingInjector.resolveComponentInstance (/Users/davidef/Desktop/Icesi/7 semestre/Compunet3/ProyectoFinalBueno/Backend/project-backend-aromalife-adn/node_modules/@nestjs/core/injector/injector.js:215:33)
    at TestingInjector.resolveComponentInstance (/Users/davidef/Desktop/Icesi/7 semestre/Compunet3/ProyectoFinalBueno/Backend/project-backend-aromalife-adn/node_modules/@nestjs/testing/testing-injector.js:19:45)
    at resolveParam (/Users/davidef/Desktop/Icesi/7 semestre/Compunet3/ProyectoFinalBueno/Backend/project-backend-aromalife-adn/node_modules/@nestjs/core/injector/injector.js:129:38)
    at async Promise.all (index 1)
    at TestingInjector.resolveConstructorParams (/Users/davidef/Desktop/Icesi/7 semestre/Compunet3/ProyectoFinalBueno/Backend/project-backend-aromalife-adn/node_modules/@nestjs/core/injector/injector.js:144:27)
    at TestingInjector.loadInstance (/Users/davidef/Desktop/Icesi/7 semestre/Compunet3/ProyectoFinalBueno/Backend/project-backend-aromalife-adn/node_modules/@nestjs/core/injector/injector.js:70:13)
    at TestingInjector.loadProvider (/Users/davidef/Desktop/Icesi/7 semestre/Compunet3/ProyectoFinalBueno/Backend/project-backend-aromalife-adn/node_modules/@nestjs/core/injector/injector.js:98:9)
    at /Users/davidef/Desktop/Icesi/7 semestre/Compunet3/ProyectoFinalBueno/Backend/project-backend-aromalife-adn/node_modules/@nestjs/core/injector/instance-loader.js:56:13
    at async Promise.all (index 3)
    at TestingInstanceLoader.createInstancesOfProviders (/Users/davidef/Desktop/Icesi/7 semestre/Compunet3/ProyectoFinalBueno/Backend/project-backend-aromalife-adn/node_modules/@nestjs/core/injector/instance-loader.js:55:9)
    at /Users/davidef/Desktop/Icesi/7 semestre/Compunet3/ProyectoFinalBueno/Backend/project-backend-aromalife-adn/node_modules/@nestjs/core/injector/instance-loader.js:40:13
    at async Promise.all (index 1)
    at TestingInstanceLoader.createInstances (/Users/davidef/Desktop/Icesi/7 semestre/Compunet3/ProyectoFinalBueno/Backend/project-backend-aromalife-adn/node_modules/@nestjs/core/injector/instance-loader.js:39:9)
    at TestingInstanceLoader.createInstancesOfDependencies (/Users/davidef/Desktop/Icesi/7 semestre/Compunet3/ProyectoFinalBueno/Backend/project-backend-aromalife-adn/node_modules/@nestjs/core/injector/instance-loader.js:22:13)
    at TestingInstanceLoader.createInstancesOfDependencies (/Users/davidef/Desktop/Icesi/7 semestre/Compunet3/ProyectoFinalBueno/Backend/project-backend-aromalife-adn/node_modules/@nestjs/testing/testing-instance-loader.js:9:9)
    at TestingModuleBuilder.createInstancesOfDependencies (/Users/davidef/Desktop/Icesi/7 semestre/Compunet3/ProyectoFinalBueno/Backend/project-backend-aromalife-adn/node_modules/@nestjs/testing/testing-module.builder.js:118:9)
    at TestingModuleBuilder.compile (/Users/davidef/Desktop/Icesi/7 semestre/Compunet3/ProyectoFinalBueno/Backend/project-backend-aromalife-adn/node_modules/@nestjs/testing/testing-module.builder.js:74:9)
    at Object.&lt;anonymous&gt; (/Users/davidef/Desktop/Icesi/7 semestre/Compunet3/ProyectoFinalBueno/Backend/project-backend-aromalife-adn/test/unitTest/containers/containers.service.spec.ts:36:35)</failure>
    </testcase>
    <testcase classname="ContainersService &gt; update" name="should update a container" time="0.001">
      <failure>Error: Nest can&apos;t resolve dependencies of the ContainersService (ContainerRepository, ?). Please make sure that the argument CloudinaryService at index [1] is available in the RootTestModule context.

Potential solutions:
- Is RootTestModule a valid NestJS module?
- If CloudinaryService is a provider, is it part of the current RootTestModule?
- If CloudinaryService is exported from a separate @Module, is that module imported within RootTestModule?
  @Module({
    imports: [ /* the Module containing CloudinaryService */ ]
  })

    at TestingInjector.lookupComponentInParentModules (/Users/davidef/Desktop/Icesi/7 semestre/Compunet3/ProyectoFinalBueno/Backend/project-backend-aromalife-adn/node_modules/@nestjs/core/injector/injector.js:262:19)
    at processTicksAndRejections (node:internal/process/task_queues:105:5)
    at TestingInjector.resolveComponentInstance (/Users/davidef/Desktop/Icesi/7 semestre/Compunet3/ProyectoFinalBueno/Backend/project-backend-aromalife-adn/node_modules/@nestjs/core/injector/injector.js:215:33)
    at TestingInjector.resolveComponentInstance (/Users/davidef/Desktop/Icesi/7 semestre/Compunet3/ProyectoFinalBueno/Backend/project-backend-aromalife-adn/node_modules/@nestjs/testing/testing-injector.js:19:45)
    at resolveParam (/Users/davidef/Desktop/Icesi/7 semestre/Compunet3/ProyectoFinalBueno/Backend/project-backend-aromalife-adn/node_modules/@nestjs/core/injector/injector.js:129:38)
    at async Promise.all (index 1)
    at TestingInjector.resolveConstructorParams (/Users/davidef/Desktop/Icesi/7 semestre/Compunet3/ProyectoFinalBueno/Backend/project-backend-aromalife-adn/node_modules/@nestjs/core/injector/injector.js:144:27)
    at TestingInjector.loadInstance (/Users/davidef/Desktop/Icesi/7 semestre/Compunet3/ProyectoFinalBueno/Backend/project-backend-aromalife-adn/node_modules/@nestjs/core/injector/injector.js:70:13)
    at TestingInjector.loadProvider (/Users/davidef/Desktop/Icesi/7 semestre/Compunet3/ProyectoFinalBueno/Backend/project-backend-aromalife-adn/node_modules/@nestjs/core/injector/injector.js:98:9)
    at /Users/davidef/Desktop/Icesi/7 semestre/Compunet3/ProyectoFinalBueno/Backend/project-backend-aromalife-adn/node_modules/@nestjs/core/injector/instance-loader.js:56:13
    at async Promise.all (index 3)
    at TestingInstanceLoader.createInstancesOfProviders (/Users/davidef/Desktop/Icesi/7 semestre/Compunet3/ProyectoFinalBueno/Backend/project-backend-aromalife-adn/node_modules/@nestjs/core/injector/instance-loader.js:55:9)
    at /Users/davidef/Desktop/Icesi/7 semestre/Compunet3/ProyectoFinalBueno/Backend/project-backend-aromalife-adn/node_modules/@nestjs/core/injector/instance-loader.js:40:13
    at async Promise.all (index 1)
    at TestingInstanceLoader.createInstances (/Users/davidef/Desktop/Icesi/7 semestre/Compunet3/ProyectoFinalBueno/Backend/project-backend-aromalife-adn/node_modules/@nestjs/core/injector/instance-loader.js:39:9)
    at TestingInstanceLoader.createInstancesOfDependencies (/Users/davidef/Desktop/Icesi/7 semestre/Compunet3/ProyectoFinalBueno/Backend/project-backend-aromalife-adn/node_modules/@nestjs/core/injector/instance-loader.js:22:13)
    at TestingInstanceLoader.createInstancesOfDependencies (/Users/davidef/Desktop/Icesi/7 semestre/Compunet3/ProyectoFinalBueno/Backend/project-backend-aromalife-adn/node_modules/@nestjs/testing/testing-instance-loader.js:9:9)
    at TestingModuleBuilder.createInstancesOfDependencies (/Users/davidef/Desktop/Icesi/7 semestre/Compunet3/ProyectoFinalBueno/Backend/project-backend-aromalife-adn/node_modules/@nestjs/testing/testing-module.builder.js:118:9)
    at TestingModuleBuilder.compile (/Users/davidef/Desktop/Icesi/7 semestre/Compunet3/ProyectoFinalBueno/Backend/project-backend-aromalife-adn/node_modules/@nestjs/testing/testing-module.builder.js:74:9)
    at Object.&lt;anonymous&gt; (/Users/davidef/Desktop/Icesi/7 semestre/Compunet3/ProyectoFinalBueno/Backend/project-backend-aromalife-adn/test/unitTest/containers/containers.service.spec.ts:36:35)</failure>
    </testcase>
    <testcase classname="ContainersService &gt; update" name="should throw NotFoundException if container not found" time="0.001">
      <failure>Error: Nest can&apos;t resolve dependencies of the ContainersService (ContainerRepository, ?). Please make sure that the argument CloudinaryService at index [1] is available in the RootTestModule context.

Potential solutions:
- Is RootTestModule a valid NestJS module?
- If CloudinaryService is a provider, is it part of the current RootTestModule?
- If CloudinaryService is exported from a separate @Module, is that module imported within RootTestModule?
  @Module({
    imports: [ /* the Module containing CloudinaryService */ ]
  })

    at TestingInjector.lookupComponentInParentModules (/Users/davidef/Desktop/Icesi/7 semestre/Compunet3/ProyectoFinalBueno/Backend/project-backend-aromalife-adn/node_modules/@nestjs/core/injector/injector.js:262:19)
    at processTicksAndRejections (node:internal/process/task_queues:105:5)
    at TestingInjector.resolveComponentInstance (/Users/davidef/Desktop/Icesi/7 semestre/Compunet3/ProyectoFinalBueno/Backend/project-backend-aromalife-adn/node_modules/@nestjs/core/injector/injector.js:215:33)
    at TestingInjector.resolveComponentInstance (/Users/davidef/Desktop/Icesi/7 semestre/Compunet3/ProyectoFinalBueno/Backend/project-backend-aromalife-adn/node_modules/@nestjs/testing/testing-injector.js:19:45)
    at resolveParam (/Users/davidef/Desktop/Icesi/7 semestre/Compunet3/ProyectoFinalBueno/Backend/project-backend-aromalife-adn/node_modules/@nestjs/core/injector/injector.js:129:38)
    at async Promise.all (index 1)
    at TestingInjector.resolveConstructorParams (/Users/davidef/Desktop/Icesi/7 semestre/Compunet3/ProyectoFinalBueno/Backend/project-backend-aromalife-adn/node_modules/@nestjs/core/injector/injector.js:144:27)
    at TestingInjector.loadInstance (/Users/davidef/Desktop/Icesi/7 semestre/Compunet3/ProyectoFinalBueno/Backend/project-backend-aromalife-adn/node_modules/@nestjs/core/injector/injector.js:70:13)
    at TestingInjector.loadProvider (/Users/davidef/Desktop/Icesi/7 semestre/Compunet3/ProyectoFinalBueno/Backend/project-backend-aromalife-adn/node_modules/@nestjs/core/injector/injector.js:98:9)
    at /Users/davidef/Desktop/Icesi/7 semestre/Compunet3/ProyectoFinalBueno/Backend/project-backend-aromalife-adn/node_modules/@nestjs/core/injector/instance-loader.js:56:13
    at async Promise.all (index 3)
    at TestingInstanceLoader.createInstancesOfProviders (/Users/davidef/Desktop/Icesi/7 semestre/Compunet3/ProyectoFinalBueno/Backend/project-backend-aromalife-adn/node_modules/@nestjs/core/injector/instance-loader.js:55:9)
    at /Users/davidef/Desktop/Icesi/7 semestre/Compunet3/ProyectoFinalBueno/Backend/project-backend-aromalife-adn/node_modules/@nestjs/core/injector/instance-loader.js:40:13
    at async Promise.all (index 1)
    at TestingInstanceLoader.createInstances (/Users/davidef/Desktop/Icesi/7 semestre/Compunet3/ProyectoFinalBueno/Backend/project-backend-aromalife-adn/node_modules/@nestjs/core/injector/instance-loader.js:39:9)
    at TestingInstanceLoader.createInstancesOfDependencies (/Users/davidef/Desktop/Icesi/7 semestre/Compunet3/ProyectoFinalBueno/Backend/project-backend-aromalife-adn/node_modules/@nestjs/core/injector/instance-loader.js:22:13)
    at TestingInstanceLoader.createInstancesOfDependencies (/Users/davidef/Desktop/Icesi/7 semestre/Compunet3/ProyectoFinalBueno/Backend/project-backend-aromalife-adn/node_modules/@nestjs/testing/testing-instance-loader.js:9:9)
    at TestingModuleBuilder.createInstancesOfDependencies (/Users/davidef/Desktop/Icesi/7 semestre/Compunet3/ProyectoFinalBueno/Backend/project-backend-aromalife-adn/node_modules/@nestjs/testing/testing-module.builder.js:118:9)
    at TestingModuleBuilder.compile (/Users/davidef/Desktop/Icesi/7 semestre/Compunet3/ProyectoFinalBueno/Backend/project-backend-aromalife-adn/node_modules/@nestjs/testing/testing-module.builder.js:74:9)
    at Object.&lt;anonymous&gt; (/Users/davidef/Desktop/Icesi/7 semestre/Compunet3/ProyectoFinalBueno/Backend/project-backend-aromalife-adn/test/unitTest/containers/containers.service.spec.ts:36:35)</failure>
    </testcase>
    <testcase classname="ContainersService &gt; remove" name="should remove a container" time="0.001">
      <failure>Error: Nest can&apos;t resolve dependencies of the ContainersService (ContainerRepository, ?). Please make sure that the argument CloudinaryService at index [1] is available in the RootTestModule context.

Potential solutions:
- Is RootTestModule a valid NestJS module?
- If CloudinaryService is a provider, is it part of the current RootTestModule?
- If CloudinaryService is exported from a separate @Module, is that module imported within RootTestModule?
  @Module({
    imports: [ /* the Module containing CloudinaryService */ ]
  })

    at TestingInjector.lookupComponentInParentModules (/Users/davidef/Desktop/Icesi/7 semestre/Compunet3/ProyectoFinalBueno/Backend/project-backend-aromalife-adn/node_modules/@nestjs/core/injector/injector.js:262:19)
    at processTicksAndRejections (node:internal/process/task_queues:105:5)
    at TestingInjector.resolveComponentInstance (/Users/davidef/Desktop/Icesi/7 semestre/Compunet3/ProyectoFinalBueno/Backend/project-backend-aromalife-adn/node_modules/@nestjs/core/injector/injector.js:215:33)
    at TestingInjector.resolveComponentInstance (/Users/davidef/Desktop/Icesi/7 semestre/Compunet3/ProyectoFinalBueno/Backend/project-backend-aromalife-adn/node_modules/@nestjs/testing/testing-injector.js:19:45)
    at resolveParam (/Users/davidef/Desktop/Icesi/7 semestre/Compunet3/ProyectoFinalBueno/Backend/project-backend-aromalife-adn/node_modules/@nestjs/core/injector/injector.js:129:38)
    at async Promise.all (index 1)
    at TestingInjector.resolveConstructorParams (/Users/davidef/Desktop/Icesi/7 semestre/Compunet3/ProyectoFinalBueno/Backend/project-backend-aromalife-adn/node_modules/@nestjs/core/injector/injector.js:144:27)
    at TestingInjector.loadInstance (/Users/davidef/Desktop/Icesi/7 semestre/Compunet3/ProyectoFinalBueno/Backend/project-backend-aromalife-adn/node_modules/@nestjs/core/injector/injector.js:70:13)
    at TestingInjector.loadProvider (/Users/davidef/Desktop/Icesi/7 semestre/Compunet3/ProyectoFinalBueno/Backend/project-backend-aromalife-adn/node_modules/@nestjs/core/injector/injector.js:98:9)
    at /Users/davidef/Desktop/Icesi/7 semestre/Compunet3/ProyectoFinalBueno/Backend/project-backend-aromalife-adn/node_modules/@nestjs/core/injector/instance-loader.js:56:13
    at async Promise.all (index 3)
    at TestingInstanceLoader.createInstancesOfProviders (/Users/davidef/Desktop/Icesi/7 semestre/Compunet3/ProyectoFinalBueno/Backend/project-backend-aromalife-adn/node_modules/@nestjs/core/injector/instance-loader.js:55:9)
    at /Users/davidef/Desktop/Icesi/7 semestre/Compunet3/ProyectoFinalBueno/Backend/project-backend-aromalife-adn/node_modules/@nestjs/core/injector/instance-loader.js:40:13
    at async Promise.all (index 1)
    at TestingInstanceLoader.createInstances (/Users/davidef/Desktop/Icesi/7 semestre/Compunet3/ProyectoFinalBueno/Backend/project-backend-aromalife-adn/node_modules/@nestjs/core/injector/instance-loader.js:39:9)
    at TestingInstanceLoader.createInstancesOfDependencies (/Users/davidef/Desktop/Icesi/7 semestre/Compunet3/ProyectoFinalBueno/Backend/project-backend-aromalife-adn/node_modules/@nestjs/core/injector/instance-loader.js:22:13)
    at TestingInstanceLoader.createInstancesOfDependencies (/Users/davidef/Desktop/Icesi/7 semestre/Compunet3/ProyectoFinalBueno/Backend/project-backend-aromalife-adn/node_modules/@nestjs/testing/testing-instance-loader.js:9:9)
    at TestingModuleBuilder.createInstancesOfDependencies (/Users/davidef/Desktop/Icesi/7 semestre/Compunet3/ProyectoFinalBueno/Backend/project-backend-aromalife-adn/node_modules/@nestjs/testing/testing-module.builder.js:118:9)
    at TestingModuleBuilder.compile (/Users/davidef/Desktop/Icesi/7 semestre/Compunet3/ProyectoFinalBueno/Backend/project-backend-aromalife-adn/node_modules/@nestjs/testing/testing-module.builder.js:74:9)
    at Object.&lt;anonymous&gt; (/Users/davidef/Desktop/Icesi/7 semestre/Compunet3/ProyectoFinalBueno/Backend/project-backend-aromalife-adn/test/unitTest/containers/containers.service.spec.ts:36:35)</failure>
    </testcase>
    <testcase classname="ContainersService &gt; remove" name="should throw NotFoundException if container not found" time="0.002">
      <failure>Error: Nest can&apos;t resolve dependencies of the ContainersService (ContainerRepository, ?). Please make sure that the argument CloudinaryService at index [1] is available in the RootTestModule context.

Potential solutions:
- Is RootTestModule a valid NestJS module?
- If CloudinaryService is a provider, is it part of the current RootTestModule?
- If CloudinaryService is exported from a separate @Module, is that module imported within RootTestModule?
  @Module({
    imports: [ /* the Module containing CloudinaryService */ ]
  })

    at TestingInjector.lookupComponentInParentModules (/Users/davidef/Desktop/Icesi/7 semestre/Compunet3/ProyectoFinalBueno/Backend/project-backend-aromalife-adn/node_modules/@nestjs/core/injector/injector.js:262:19)
    at processTicksAndRejections (node:internal/process/task_queues:105:5)
    at TestingInjector.resolveComponentInstance (/Users/davidef/Desktop/Icesi/7 semestre/Compunet3/ProyectoFinalBueno/Backend/project-backend-aromalife-adn/node_modules/@nestjs/core/injector/injector.js:215:33)
    at TestingInjector.resolveComponentInstance (/Users/davidef/Desktop/Icesi/7 semestre/Compunet3/ProyectoFinalBueno/Backend/project-backend-aromalife-adn/node_modules/@nestjs/testing/testing-injector.js:19:45)
    at resolveParam (/Users/davidef/Desktop/Icesi/7 semestre/Compunet3/ProyectoFinalBueno/Backend/project-backend-aromalife-adn/node_modules/@nestjs/core/injector/injector.js:129:38)
    at async Promise.all (index 1)
    at TestingInjector.resolveConstructorParams (/Users/davidef/Desktop/Icesi/7 semestre/Compunet3/ProyectoFinalBueno/Backend/project-backend-aromalife-adn/node_modules/@nestjs/core/injector/injector.js:144:27)
    at TestingInjector.loadInstance (/Users/davidef/Desktop/Icesi/7 semestre/Compunet3/ProyectoFinalBueno/Backend/project-backend-aromalife-adn/node_modules/@nestjs/core/injector/injector.js:70:13)
    at TestingInjector.loadProvider (/Users/davidef/Desktop/Icesi/7 semestre/Compunet3/ProyectoFinalBueno/Backend/project-backend-aromalife-adn/node_modules/@nestjs/core/injector/injector.js:98:9)
    at /Users/davidef/Desktop/Icesi/7 semestre/Compunet3/ProyectoFinalBueno/Backend/project-backend-aromalife-adn/node_modules/@nestjs/core/injector/instance-loader.js:56:13
    at async Promise.all (index 3)
    at TestingInstanceLoader.createInstancesOfProviders (/Users/davidef/Desktop/Icesi/7 semestre/Compunet3/ProyectoFinalBueno/Backend/project-backend-aromalife-adn/node_modules/@nestjs/core/injector/instance-loader.js:55:9)
    at /Users/davidef/Desktop/Icesi/7 semestre/Compunet3/ProyectoFinalBueno/Backend/project-backend-aromalife-adn/node_modules/@nestjs/core/injector/instance-loader.js:40:13
    at async Promise.all (index 1)
    at TestingInstanceLoader.createInstances (/Users/davidef/Desktop/Icesi/7 semestre/Compunet3/ProyectoFinalBueno/Backend/project-backend-aromalife-adn/node_modules/@nestjs/core/injector/instance-loader.js:39:9)
    at TestingInstanceLoader.createInstancesOfDependencies (/Users/davidef/Desktop/Icesi/7 semestre/Compunet3/ProyectoFinalBueno/Backend/project-backend-aromalife-adn/node_modules/@nestjs/core/injector/instance-loader.js:22:13)
    at TestingInstanceLoader.createInstancesOfDependencies (/Users/davidef/Desktop/Icesi/7 semestre/Compunet3/ProyectoFinalBueno/Backend/project-backend-aromalife-adn/node_modules/@nestjs/testing/testing-instance-loader.js:9:9)
    at TestingModuleBuilder.createInstancesOfDependencies (/Users/davidef/Desktop/Icesi/7 semestre/Compunet3/ProyectoFinalBueno/Backend/project-backend-aromalife-adn/node_modules/@nestjs/testing/testing-module.builder.js:118:9)
    at TestingModuleBuilder.compile (/Users/davidef/Desktop/Icesi/7 semestre/Compunet3/ProyectoFinalBueno/Backend/project-backend-aromalife-adn/node_modules/@nestjs/testing/testing-module.builder.js:74:9)
    at Object.&lt;anonymous&gt; (/Users/davidef/Desktop/Icesi/7 semestre/Compunet3/ProyectoFinalBueno/Backend/project-backend-aromalife-adn/test/unitTest/containers/containers.service.spec.ts:36:35)</failure>
    </testcase>
  </testsuite>
  <testsuite name="CartItemService" errors="0" failures="0" skipped="0" timestamp="2025-10-06T13:36:38" time="15.379" tests="21">
    <testcase classname="CartItemService" name="should be defined" time="0.073">
    </testcase>
    <testcase classname="CartItemService &gt; create" name="should create a cart item" time="0.027">
    </testcase>
    <testcase classname="CartItemService &gt; create" name="should throw NotFoundException if cart not found" time="0.095">
    </testcase>
    <testcase classname="CartItemService &gt; create" name="should throw NotFoundException if candle not found" time="0.003">
    </testcase>
    <testcase classname="CartItemService &gt; create" name="should throw NotFoundException if gift not found" time="0.003">
    </testcase>
    <testcase classname="CartItemService &gt; findAll" name="should return an array of cart items" time="0.004">
    </testcase>
    <testcase classname="CartItemService &gt; findOne" name="should return a cart item" time="0.053">
    </testcase>
    <testcase classname="CartItemService &gt; findOne" name="should throw NotFoundException if cart item not found" time="0.003">
    </testcase>
    <testcase classname="CartItemService &gt; update" name="should update a cart item" time="0.004">
    </testcase>
    <testcase classname="CartItemService &gt; update" name="should throw NotFoundException if cart item not found" time="0.003">
    </testcase>
    <testcase classname="CartItemService &gt; remove" name="should remove a cart item" time="0.031">
    </testcase>
    <testcase classname="CartItemService &gt; remove" name="should throw NotFoundException if cart item not found" time="0.003">
    </testcase>
    <testcase classname="CartItemService &gt; assignCandle" name="should assign a candle to a cart item" time="0.003">
    </testcase>
    <testcase classname="CartItemService &gt; assignCandle" name="should throw NotFoundException if cart item not found" time="0.002">
    </testcase>
    <testcase classname="CartItemService &gt; assignCandle" name="should throw NotFoundException if candle not found" time="0.005">
    </testcase>
    <testcase classname="CartItemService &gt; assignGift" name="should assign a gift to a cart item" time="0.004">
    </testcase>
    <testcase classname="CartItemService &gt; assignGift" name="should throw NotFoundException if cart item not found" time="0.003">
    </testcase>
    <testcase classname="CartItemService &gt; assignGift" name="should throw NotFoundException if gift not found" time="0.002">
    </testcase>
    <testcase classname="CartItemService &gt; assignCart" name="should assign a cart to a cart item" time="0.016">
    </testcase>
    <testcase classname="CartItemService &gt; assignCart" name="should throw NotFoundException if cart item not found" time="0.002">
    </testcase>
    <testcase classname="CartItemService &gt; assignCart" name="should throw NotFoundException if cart not found" time="0.002">
    </testcase>
  </testsuite>
  <testsuite name="GiftsService" errors="0" failures="9" skipped="0" timestamp="2025-10-06T13:36:38" time="15.897" tests="9">
    <testcase classname="GiftsService" name="should be defined" time="0.044">
      <failure>Error: Nest can&apos;t resolve dependencies of the GiftsService (GiftRepository, ?). Please make sure that the argument CloudinaryService at index [1] is available in the RootTestModule context.

Potential solutions:
- Is RootTestModule a valid NestJS module?
- If CloudinaryService is a provider, is it part of the current RootTestModule?
- If CloudinaryService is exported from a separate @Module, is that module imported within RootTestModule?
  @Module({
    imports: [ /* the Module containing CloudinaryService */ ]
  })

    at TestingInjector.lookupComponentInParentModules (/Users/davidef/Desktop/Icesi/7 semestre/Compunet3/ProyectoFinalBueno/Backend/project-backend-aromalife-adn/node_modules/@nestjs/core/injector/injector.js:262:19)
    at processTicksAndRejections (node:internal/process/task_queues:105:5)
    at TestingInjector.resolveComponentInstance (/Users/davidef/Desktop/Icesi/7 semestre/Compunet3/ProyectoFinalBueno/Backend/project-backend-aromalife-adn/node_modules/@nestjs/core/injector/injector.js:215:33)
    at TestingInjector.resolveComponentInstance (/Users/davidef/Desktop/Icesi/7 semestre/Compunet3/ProyectoFinalBueno/Backend/project-backend-aromalife-adn/node_modules/@nestjs/testing/testing-injector.js:19:45)
    at resolveParam (/Users/davidef/Desktop/Icesi/7 semestre/Compunet3/ProyectoFinalBueno/Backend/project-backend-aromalife-adn/node_modules/@nestjs/core/injector/injector.js:129:38)
    at async Promise.all (index 1)
    at TestingInjector.resolveConstructorParams (/Users/davidef/Desktop/Icesi/7 semestre/Compunet3/ProyectoFinalBueno/Backend/project-backend-aromalife-adn/node_modules/@nestjs/core/injector/injector.js:144:27)
    at TestingInjector.loadInstance (/Users/davidef/Desktop/Icesi/7 semestre/Compunet3/ProyectoFinalBueno/Backend/project-backend-aromalife-adn/node_modules/@nestjs/core/injector/injector.js:70:13)
    at TestingInjector.loadProvider (/Users/davidef/Desktop/Icesi/7 semestre/Compunet3/ProyectoFinalBueno/Backend/project-backend-aromalife-adn/node_modules/@nestjs/core/injector/injector.js:98:9)
    at /Users/davidef/Desktop/Icesi/7 semestre/Compunet3/ProyectoFinalBueno/Backend/project-backend-aromalife-adn/node_modules/@nestjs/core/injector/instance-loader.js:56:13
    at async Promise.all (index 3)
    at TestingInstanceLoader.createInstancesOfProviders (/Users/davidef/Desktop/Icesi/7 semestre/Compunet3/ProyectoFinalBueno/Backend/project-backend-aromalife-adn/node_modules/@nestjs/core/injector/instance-loader.js:55:9)
    at /Users/davidef/Desktop/Icesi/7 semestre/Compunet3/ProyectoFinalBueno/Backend/project-backend-aromalife-adn/node_modules/@nestjs/core/injector/instance-loader.js:40:13
    at async Promise.all (index 1)
    at TestingInstanceLoader.createInstances (/Users/davidef/Desktop/Icesi/7 semestre/Compunet3/ProyectoFinalBueno/Backend/project-backend-aromalife-adn/node_modules/@nestjs/core/injector/instance-loader.js:39:9)
    at TestingInstanceLoader.createInstancesOfDependencies (/Users/davidef/Desktop/Icesi/7 semestre/Compunet3/ProyectoFinalBueno/Backend/project-backend-aromalife-adn/node_modules/@nestjs/core/injector/instance-loader.js:22:13)
    at TestingInstanceLoader.createInstancesOfDependencies (/Users/davidef/Desktop/Icesi/7 semestre/Compunet3/ProyectoFinalBueno/Backend/project-backend-aromalife-adn/node_modules/@nestjs/testing/testing-instance-loader.js:9:9)
    at TestingModuleBuilder.createInstancesOfDependencies (/Users/davidef/Desktop/Icesi/7 semestre/Compunet3/ProyectoFinalBueno/Backend/project-backend-aromalife-adn/node_modules/@nestjs/testing/testing-module.builder.js:118:9)
    at TestingModuleBuilder.compile (/Users/davidef/Desktop/Icesi/7 semestre/Compunet3/ProyectoFinalBueno/Backend/project-backend-aromalife-adn/node_modules/@nestjs/testing/testing-module.builder.js:74:9)
    at Object.&lt;anonymous&gt; (/Users/davidef/Desktop/Icesi/7 semestre/Compunet3/ProyectoFinalBueno/Backend/project-backend-aromalife-adn/test/unitTest/gifts/gifts.service.spec.ts:34:35)</failure>
    </testcase>
    <testcase classname="GiftsService &gt; create" name="should create a new gift" time="0.007">
      <failure>Error: Nest can&apos;t resolve dependencies of the GiftsService (GiftRepository, ?). Please make sure that the argument CloudinaryService at index [1] is available in the RootTestModule context.

Potential solutions:
- Is RootTestModule a valid NestJS module?
- If CloudinaryService is a provider, is it part of the current RootTestModule?
- If CloudinaryService is exported from a separate @Module, is that module imported within RootTestModule?
  @Module({
    imports: [ /* the Module containing CloudinaryService */ ]
  })

    at TestingInjector.lookupComponentInParentModules (/Users/davidef/Desktop/Icesi/7 semestre/Compunet3/ProyectoFinalBueno/Backend/project-backend-aromalife-adn/node_modules/@nestjs/core/injector/injector.js:262:19)
    at processTicksAndRejections (node:internal/process/task_queues:105:5)
    at TestingInjector.resolveComponentInstance (/Users/davidef/Desktop/Icesi/7 semestre/Compunet3/ProyectoFinalBueno/Backend/project-backend-aromalife-adn/node_modules/@nestjs/core/injector/injector.js:215:33)
    at TestingInjector.resolveComponentInstance (/Users/davidef/Desktop/Icesi/7 semestre/Compunet3/ProyectoFinalBueno/Backend/project-backend-aromalife-adn/node_modules/@nestjs/testing/testing-injector.js:19:45)
    at resolveParam (/Users/davidef/Desktop/Icesi/7 semestre/Compunet3/ProyectoFinalBueno/Backend/project-backend-aromalife-adn/node_modules/@nestjs/core/injector/injector.js:129:38)
    at async Promise.all (index 1)
    at TestingInjector.resolveConstructorParams (/Users/davidef/Desktop/Icesi/7 semestre/Compunet3/ProyectoFinalBueno/Backend/project-backend-aromalife-adn/node_modules/@nestjs/core/injector/injector.js:144:27)
    at TestingInjector.loadInstance (/Users/davidef/Desktop/Icesi/7 semestre/Compunet3/ProyectoFinalBueno/Backend/project-backend-aromalife-adn/node_modules/@nestjs/core/injector/injector.js:70:13)
    at TestingInjector.loadProvider (/Users/davidef/Desktop/Icesi/7 semestre/Compunet3/ProyectoFinalBueno/Backend/project-backend-aromalife-adn/node_modules/@nestjs/core/injector/injector.js:98:9)
    at /Users/davidef/Desktop/Icesi/7 semestre/Compunet3/ProyectoFinalBueno/Backend/project-backend-aromalife-adn/node_modules/@nestjs/core/injector/instance-loader.js:56:13
    at async Promise.all (index 3)
    at TestingInstanceLoader.createInstancesOfProviders (/Users/davidef/Desktop/Icesi/7 semestre/Compunet3/ProyectoFinalBueno/Backend/project-backend-aromalife-adn/node_modules/@nestjs/core/injector/instance-loader.js:55:9)
    at /Users/davidef/Desktop/Icesi/7 semestre/Compunet3/ProyectoFinalBueno/Backend/project-backend-aromalife-adn/node_modules/@nestjs/core/injector/instance-loader.js:40:13
    at async Promise.all (index 1)
    at TestingInstanceLoader.createInstances (/Users/davidef/Desktop/Icesi/7 semestre/Compunet3/ProyectoFinalBueno/Backend/project-backend-aromalife-adn/node_modules/@nestjs/core/injector/instance-loader.js:39:9)
    at TestingInstanceLoader.createInstancesOfDependencies (/Users/davidef/Desktop/Icesi/7 semestre/Compunet3/ProyectoFinalBueno/Backend/project-backend-aromalife-adn/node_modules/@nestjs/core/injector/instance-loader.js:22:13)
    at TestingInstanceLoader.createInstancesOfDependencies (/Users/davidef/Desktop/Icesi/7 semestre/Compunet3/ProyectoFinalBueno/Backend/project-backend-aromalife-adn/node_modules/@nestjs/testing/testing-instance-loader.js:9:9)
    at TestingModuleBuilder.createInstancesOfDependencies (/Users/davidef/Desktop/Icesi/7 semestre/Compunet3/ProyectoFinalBueno/Backend/project-backend-aromalife-adn/node_modules/@nestjs/testing/testing-module.builder.js:118:9)
    at TestingModuleBuilder.compile (/Users/davidef/Desktop/Icesi/7 semestre/Compunet3/ProyectoFinalBueno/Backend/project-backend-aromalife-adn/node_modules/@nestjs/testing/testing-module.builder.js:74:9)
    at Object.&lt;anonymous&gt; (/Users/davidef/Desktop/Icesi/7 semestre/Compunet3/ProyectoFinalBueno/Backend/project-backend-aromalife-adn/test/unitTest/gifts/gifts.service.spec.ts:34:35)</failure>
    </testcase>
    <testcase classname="GiftsService &gt; findAll" name="should return an array of gifts" time="0.003">
      <failure>Error: Nest can&apos;t resolve dependencies of the GiftsService (GiftRepository, ?). Please make sure that the argument CloudinaryService at index [1] is available in the RootTestModule context.

Potential solutions:
- Is RootTestModule a valid NestJS module?
- If CloudinaryService is a provider, is it part of the current RootTestModule?
- If CloudinaryService is exported from a separate @Module, is that module imported within RootTestModule?
  @Module({
    imports: [ /* the Module containing CloudinaryService */ ]
  })

    at TestingInjector.lookupComponentInParentModules (/Users/davidef/Desktop/Icesi/7 semestre/Compunet3/ProyectoFinalBueno/Backend/project-backend-aromalife-adn/node_modules/@nestjs/core/injector/injector.js:262:19)
    at processTicksAndRejections (node:internal/process/task_queues:105:5)
    at TestingInjector.resolveComponentInstance (/Users/davidef/Desktop/Icesi/7 semestre/Compunet3/ProyectoFinalBueno/Backend/project-backend-aromalife-adn/node_modules/@nestjs/core/injector/injector.js:215:33)
    at TestingInjector.resolveComponentInstance (/Users/davidef/Desktop/Icesi/7 semestre/Compunet3/ProyectoFinalBueno/Backend/project-backend-aromalife-adn/node_modules/@nestjs/testing/testing-injector.js:19:45)
    at resolveParam (/Users/davidef/Desktop/Icesi/7 semestre/Compunet3/ProyectoFinalBueno/Backend/project-backend-aromalife-adn/node_modules/@nestjs/core/injector/injector.js:129:38)
    at async Promise.all (index 1)
    at TestingInjector.resolveConstructorParams (/Users/davidef/Desktop/Icesi/7 semestre/Compunet3/ProyectoFinalBueno/Backend/project-backend-aromalife-adn/node_modules/@nestjs/core/injector/injector.js:144:27)
    at TestingInjector.loadInstance (/Users/davidef/Desktop/Icesi/7 semestre/Compunet3/ProyectoFinalBueno/Backend/project-backend-aromalife-adn/node_modules/@nestjs/core/injector/injector.js:70:13)
    at TestingInjector.loadProvider (/Users/davidef/Desktop/Icesi/7 semestre/Compunet3/ProyectoFinalBueno/Backend/project-backend-aromalife-adn/node_modules/@nestjs/core/injector/injector.js:98:9)
    at /Users/davidef/Desktop/Icesi/7 semestre/Compunet3/ProyectoFinalBueno/Backend/project-backend-aromalife-adn/node_modules/@nestjs/core/injector/instance-loader.js:56:13
    at async Promise.all (index 3)
    at TestingInstanceLoader.createInstancesOfProviders (/Users/davidef/Desktop/Icesi/7 semestre/Compunet3/ProyectoFinalBueno/Backend/project-backend-aromalife-adn/node_modules/@nestjs/core/injector/instance-loader.js:55:9)
    at /Users/davidef/Desktop/Icesi/7 semestre/Compunet3/ProyectoFinalBueno/Backend/project-backend-aromalife-adn/node_modules/@nestjs/core/injector/instance-loader.js:40:13
    at async Promise.all (index 1)
    at TestingInstanceLoader.createInstances (/Users/davidef/Desktop/Icesi/7 semestre/Compunet3/ProyectoFinalBueno/Backend/project-backend-aromalife-adn/node_modules/@nestjs/core/injector/instance-loader.js:39:9)
    at TestingInstanceLoader.createInstancesOfDependencies (/Users/davidef/Desktop/Icesi/7 semestre/Compunet3/ProyectoFinalBueno/Backend/project-backend-aromalife-adn/node_modules/@nestjs/core/injector/instance-loader.js:22:13)
    at TestingInstanceLoader.createInstancesOfDependencies (/Users/davidef/Desktop/Icesi/7 semestre/Compunet3/ProyectoFinalBueno/Backend/project-backend-aromalife-adn/node_modules/@nestjs/testing/testing-instance-loader.js:9:9)
    at TestingModuleBuilder.createInstancesOfDependencies (/Users/davidef/Desktop/Icesi/7 semestre/Compunet3/ProyectoFinalBueno/Backend/project-backend-aromalife-adn/node_modules/@nestjs/testing/testing-module.builder.js:118:9)
    at TestingModuleBuilder.compile (/Users/davidef/Desktop/Icesi/7 semestre/Compunet3/ProyectoFinalBueno/Backend/project-backend-aromalife-adn/node_modules/@nestjs/testing/testing-module.builder.js:74:9)
    at Object.&lt;anonymous&gt; (/Users/davidef/Desktop/Icesi/7 semestre/Compunet3/ProyectoFinalBueno/Backend/project-backend-aromalife-adn/test/unitTest/gifts/gifts.service.spec.ts:34:35)</failure>
    </testcase>
    <testcase classname="GiftsService &gt; findAll" name="should throw NotFoundException if no gifts are found" time="0.003">
      <failure>Error: Nest can&apos;t resolve dependencies of the GiftsService (GiftRepository, ?). Please make sure that the argument CloudinaryService at index [1] is available in the RootTestModule context.

Potential solutions:
- Is RootTestModule a valid NestJS module?
- If CloudinaryService is a provider, is it part of the current RootTestModule?
- If CloudinaryService is exported from a separate @Module, is that module imported within RootTestModule?
  @Module({
    imports: [ /* the Module containing CloudinaryService */ ]
  })

    at TestingInjector.lookupComponentInParentModules (/Users/davidef/Desktop/Icesi/7 semestre/Compunet3/ProyectoFinalBueno/Backend/project-backend-aromalife-adn/node_modules/@nestjs/core/injector/injector.js:262:19)
    at processTicksAndRejections (node:internal/process/task_queues:105:5)
    at TestingInjector.resolveComponentInstance (/Users/davidef/Desktop/Icesi/7 semestre/Compunet3/ProyectoFinalBueno/Backend/project-backend-aromalife-adn/node_modules/@nestjs/core/injector/injector.js:215:33)
    at TestingInjector.resolveComponentInstance (/Users/davidef/Desktop/Icesi/7 semestre/Compunet3/ProyectoFinalBueno/Backend/project-backend-aromalife-adn/node_modules/@nestjs/testing/testing-injector.js:19:45)
    at resolveParam (/Users/davidef/Desktop/Icesi/7 semestre/Compunet3/ProyectoFinalBueno/Backend/project-backend-aromalife-adn/node_modules/@nestjs/core/injector/injector.js:129:38)
    at async Promise.all (index 1)
    at TestingInjector.resolveConstructorParams (/Users/davidef/Desktop/Icesi/7 semestre/Compunet3/ProyectoFinalBueno/Backend/project-backend-aromalife-adn/node_modules/@nestjs/core/injector/injector.js:144:27)
    at TestingInjector.loadInstance (/Users/davidef/Desktop/Icesi/7 semestre/Compunet3/ProyectoFinalBueno/Backend/project-backend-aromalife-adn/node_modules/@nestjs/core/injector/injector.js:70:13)
    at TestingInjector.loadProvider (/Users/davidef/Desktop/Icesi/7 semestre/Compunet3/ProyectoFinalBueno/Backend/project-backend-aromalife-adn/node_modules/@nestjs/core/injector/injector.js:98:9)
    at /Users/davidef/Desktop/Icesi/7 semestre/Compunet3/ProyectoFinalBueno/Backend/project-backend-aromalife-adn/node_modules/@nestjs/core/injector/instance-loader.js:56:13
    at async Promise.all (index 3)
    at TestingInstanceLoader.createInstancesOfProviders (/Users/davidef/Desktop/Icesi/7 semestre/Compunet3/ProyectoFinalBueno/Backend/project-backend-aromalife-adn/node_modules/@nestjs/core/injector/instance-loader.js:55:9)
    at /Users/davidef/Desktop/Icesi/7 semestre/Compunet3/ProyectoFinalBueno/Backend/project-backend-aromalife-adn/node_modules/@nestjs/core/injector/instance-loader.js:40:13
    at async Promise.all (index 1)
    at TestingInstanceLoader.createInstances (/Users/davidef/Desktop/Icesi/7 semestre/Compunet3/ProyectoFinalBueno/Backend/project-backend-aromalife-adn/node_modules/@nestjs/core/injector/instance-loader.js:39:9)
    at TestingInstanceLoader.createInstancesOfDependencies (/Users/davidef/Desktop/Icesi/7 semestre/Compunet3/ProyectoFinalBueno/Backend/project-backend-aromalife-adn/node_modules/@nestjs/core/injector/instance-loader.js:22:13)
    at TestingInstanceLoader.createInstancesOfDependencies (/Users/davidef/Desktop/Icesi/7 semestre/Compunet3/ProyectoFinalBueno/Backend/project-backend-aromalife-adn/node_modules/@nestjs/testing/testing-instance-loader.js:9:9)
    at TestingModuleBuilder.createInstancesOfDependencies (/Users/davidef/Desktop/Icesi/7 semestre/Compunet3/ProyectoFinalBueno/Backend/project-backend-aromalife-adn/node_modules/@nestjs/testing/testing-module.builder.js:118:9)
    at TestingModuleBuilder.compile (/Users/davidef/Desktop/Icesi/7 semestre/Compunet3/ProyectoFinalBueno/Backend/project-backend-aromalife-adn/node_modules/@nestjs/testing/testing-module.builder.js:74:9)
    at Object.&lt;anonymous&gt; (/Users/davidef/Desktop/Icesi/7 semestre/Compunet3/ProyectoFinalBueno/Backend/project-backend-aromalife-adn/test/unitTest/gifts/gifts.service.spec.ts:34:35)</failure>
    </testcase>
    <testcase classname="GiftsService &gt; findOne" name="should return a single gift" time="0.003">
      <failure>Error: Nest can&apos;t resolve dependencies of the GiftsService (GiftRepository, ?). Please make sure that the argument CloudinaryService at index [1] is available in the RootTestModule context.

Potential solutions:
- Is RootTestModule a valid NestJS module?
- If CloudinaryService is a provider, is it part of the current RootTestModule?
- If CloudinaryService is exported from a separate @Module, is that module imported within RootTestModule?
  @Module({
    imports: [ /* the Module containing CloudinaryService */ ]
  })

    at TestingInjector.lookupComponentInParentModules (/Users/davidef/Desktop/Icesi/7 semestre/Compunet3/ProyectoFinalBueno/Backend/project-backend-aromalife-adn/node_modules/@nestjs/core/injector/injector.js:262:19)
    at processTicksAndRejections (node:internal/process/task_queues:105:5)
    at TestingInjector.resolveComponentInstance (/Users/davidef/Desktop/Icesi/7 semestre/Compunet3/ProyectoFinalBueno/Backend/project-backend-aromalife-adn/node_modules/@nestjs/core/injector/injector.js:215:33)
    at TestingInjector.resolveComponentInstance (/Users/davidef/Desktop/Icesi/7 semestre/Compunet3/ProyectoFinalBueno/Backend/project-backend-aromalife-adn/node_modules/@nestjs/testing/testing-injector.js:19:45)
    at resolveParam (/Users/davidef/Desktop/Icesi/7 semestre/Compunet3/ProyectoFinalBueno/Backend/project-backend-aromalife-adn/node_modules/@nestjs/core/injector/injector.js:129:38)
    at async Promise.all (index 1)
    at TestingInjector.resolveConstructorParams (/Users/davidef/Desktop/Icesi/7 semestre/Compunet3/ProyectoFinalBueno/Backend/project-backend-aromalife-adn/node_modules/@nestjs/core/injector/injector.js:144:27)
    at TestingInjector.loadInstance (/Users/davidef/Desktop/Icesi/7 semestre/Compunet3/ProyectoFinalBueno/Backend/project-backend-aromalife-adn/node_modules/@nestjs/core/injector/injector.js:70:13)
    at TestingInjector.loadProvider (/Users/davidef/Desktop/Icesi/7 semestre/Compunet3/ProyectoFinalBueno/Backend/project-backend-aromalife-adn/node_modules/@nestjs/core/injector/injector.js:98:9)
    at /Users/davidef/Desktop/Icesi/7 semestre/Compunet3/ProyectoFinalBueno/Backend/project-backend-aromalife-adn/node_modules/@nestjs/core/injector/instance-loader.js:56:13
    at async Promise.all (index 3)
    at TestingInstanceLoader.createInstancesOfProviders (/Users/davidef/Desktop/Icesi/7 semestre/Compunet3/ProyectoFinalBueno/Backend/project-backend-aromalife-adn/node_modules/@nestjs/core/injector/instance-loader.js:55:9)
    at /Users/davidef/Desktop/Icesi/7 semestre/Compunet3/ProyectoFinalBueno/Backend/project-backend-aromalife-adn/node_modules/@nestjs/core/injector/instance-loader.js:40:13
    at async Promise.all (index 1)
    at TestingInstanceLoader.createInstances (/Users/davidef/Desktop/Icesi/7 semestre/Compunet3/ProyectoFinalBueno/Backend/project-backend-aromalife-adn/node_modules/@nestjs/core/injector/instance-loader.js:39:9)
    at TestingInstanceLoader.createInstancesOfDependencies (/Users/davidef/Desktop/Icesi/7 semestre/Compunet3/ProyectoFinalBueno/Backend/project-backend-aromalife-adn/node_modules/@nestjs/core/injector/instance-loader.js:22:13)
    at TestingInstanceLoader.createInstancesOfDependencies (/Users/davidef/Desktop/Icesi/7 semestre/Compunet3/ProyectoFinalBueno/Backend/project-backend-aromalife-adn/node_modules/@nestjs/testing/testing-instance-loader.js:9:9)
    at TestingModuleBuilder.createInstancesOfDependencies (/Users/davidef/Desktop/Icesi/7 semestre/Compunet3/ProyectoFinalBueno/Backend/project-backend-aromalife-adn/node_modules/@nestjs/testing/testing-module.builder.js:118:9)
    at TestingModuleBuilder.compile (/Users/davidef/Desktop/Icesi/7 semestre/Compunet3/ProyectoFinalBueno/Backend/project-backend-aromalife-adn/node_modules/@nestjs/testing/testing-module.builder.js:74:9)
    at Object.&lt;anonymous&gt; (/Users/davidef/Desktop/Icesi/7 semestre/Compunet3/ProyectoFinalBueno/Backend/project-backend-aromalife-adn/test/unitTest/gifts/gifts.service.spec.ts:34:35)</failure>
    </testcase>
    <testcase classname="GiftsService &gt; findOne" name="should throw NotFoundException if gift is not found" time="0.004">
      <failure>Error: Nest can&apos;t resolve dependencies of the GiftsService (GiftRepository, ?). Please make sure that the argument CloudinaryService at index [1] is available in the RootTestModule context.

Potential solutions:
- Is RootTestModule a valid NestJS module?
- If CloudinaryService is a provider, is it part of the current RootTestModule?
- If CloudinaryService is exported from a separate @Module, is that module imported within RootTestModule?
  @Module({
    imports: [ /* the Module containing CloudinaryService */ ]
  })

    at TestingInjector.lookupComponentInParentModules (/Users/davidef/Desktop/Icesi/7 semestre/Compunet3/ProyectoFinalBueno/Backend/project-backend-aromalife-adn/node_modules/@nestjs/core/injector/injector.js:262:19)
    at processTicksAndRejections (node:internal/process/task_queues:105:5)
    at TestingInjector.resolveComponentInstance (/Users/davidef/Desktop/Icesi/7 semestre/Compunet3/ProyectoFinalBueno/Backend/project-backend-aromalife-adn/node_modules/@nestjs/core/injector/injector.js:215:33)
    at TestingInjector.resolveComponentInstance (/Users/davidef/Desktop/Icesi/7 semestre/Compunet3/ProyectoFinalBueno/Backend/project-backend-aromalife-adn/node_modules/@nestjs/testing/testing-injector.js:19:45)
    at resolveParam (/Users/davidef/Desktop/Icesi/7 semestre/Compunet3/ProyectoFinalBueno/Backend/project-backend-aromalife-adn/node_modules/@nestjs/core/injector/injector.js:129:38)
    at async Promise.all (index 1)
    at TestingInjector.resolveConstructorParams (/Users/davidef/Desktop/Icesi/7 semestre/Compunet3/ProyectoFinalBueno/Backend/project-backend-aromalife-adn/node_modules/@nestjs/core/injector/injector.js:144:27)
    at TestingInjector.loadInstance (/Users/davidef/Desktop/Icesi/7 semestre/Compunet3/ProyectoFinalBueno/Backend/project-backend-aromalife-adn/node_modules/@nestjs/core/injector/injector.js:70:13)
    at TestingInjector.loadProvider (/Users/davidef/Desktop/Icesi/7 semestre/Compunet3/ProyectoFinalBueno/Backend/project-backend-aromalife-adn/node_modules/@nestjs/core/injector/injector.js:98:9)
    at /Users/davidef/Desktop/Icesi/7 semestre/Compunet3/ProyectoFinalBueno/Backend/project-backend-aromalife-adn/node_modules/@nestjs/core/injector/instance-loader.js:56:13
    at async Promise.all (index 3)
    at TestingInstanceLoader.createInstancesOfProviders (/Users/davidef/Desktop/Icesi/7 semestre/Compunet3/ProyectoFinalBueno/Backend/project-backend-aromalife-adn/node_modules/@nestjs/core/injector/instance-loader.js:55:9)
    at /Users/davidef/Desktop/Icesi/7 semestre/Compunet3/ProyectoFinalBueno/Backend/project-backend-aromalife-adn/node_modules/@nestjs/core/injector/instance-loader.js:40:13
    at async Promise.all (index 1)
    at TestingInstanceLoader.createInstances (/Users/davidef/Desktop/Icesi/7 semestre/Compunet3/ProyectoFinalBueno/Backend/project-backend-aromalife-adn/node_modules/@nestjs/core/injector/instance-loader.js:39:9)
    at TestingInstanceLoader.createInstancesOfDependencies (/Users/davidef/Desktop/Icesi/7 semestre/Compunet3/ProyectoFinalBueno/Backend/project-backend-aromalife-adn/node_modules/@nestjs/core/injector/instance-loader.js:22:13)
    at TestingInstanceLoader.createInstancesOfDependencies (/Users/davidef/Desktop/Icesi/7 semestre/Compunet3/ProyectoFinalBueno/Backend/project-backend-aromalife-adn/node_modules/@nestjs/testing/testing-instance-loader.js:9:9)
    at TestingModuleBuilder.createInstancesOfDependencies (/Users/davidef/Desktop/Icesi/7 semestre/Compunet3/ProyectoFinalBueno/Backend/project-backend-aromalife-adn/node_modules/@nestjs/testing/testing-module.builder.js:118:9)
    at TestingModuleBuilder.compile (/Users/davidef/Desktop/Icesi/7 semestre/Compunet3/ProyectoFinalBueno/Backend/project-backend-aromalife-adn/node_modules/@nestjs/testing/testing-module.builder.js:74:9)
    at Object.&lt;anonymous&gt; (/Users/davidef/Desktop/Icesi/7 semestre/Compunet3/ProyectoFinalBueno/Backend/project-backend-aromalife-adn/test/unitTest/gifts/gifts.service.spec.ts:34:35)</failure>
    </testcase>
    <testcase classname="GiftsService &gt; update" name="should update a gift" time="0.001">
      <failure>Error: Nest can&apos;t resolve dependencies of the GiftsService (GiftRepository, ?). Please make sure that the argument CloudinaryService at index [1] is available in the RootTestModule context.

Potential solutions:
- Is RootTestModule a valid NestJS module?
- If CloudinaryService is a provider, is it part of the current RootTestModule?
- If CloudinaryService is exported from a separate @Module, is that module imported within RootTestModule?
  @Module({
    imports: [ /* the Module containing CloudinaryService */ ]
  })

    at TestingInjector.lookupComponentInParentModules (/Users/davidef/Desktop/Icesi/7 semestre/Compunet3/ProyectoFinalBueno/Backend/project-backend-aromalife-adn/node_modules/@nestjs/core/injector/injector.js:262:19)
    at processTicksAndRejections (node:internal/process/task_queues:105:5)
    at TestingInjector.resolveComponentInstance (/Users/davidef/Desktop/Icesi/7 semestre/Compunet3/ProyectoFinalBueno/Backend/project-backend-aromalife-adn/node_modules/@nestjs/core/injector/injector.js:215:33)
    at TestingInjector.resolveComponentInstance (/Users/davidef/Desktop/Icesi/7 semestre/Compunet3/ProyectoFinalBueno/Backend/project-backend-aromalife-adn/node_modules/@nestjs/testing/testing-injector.js:19:45)
    at resolveParam (/Users/davidef/Desktop/Icesi/7 semestre/Compunet3/ProyectoFinalBueno/Backend/project-backend-aromalife-adn/node_modules/@nestjs/core/injector/injector.js:129:38)
    at async Promise.all (index 1)
    at TestingInjector.resolveConstructorParams (/Users/davidef/Desktop/Icesi/7 semestre/Compunet3/ProyectoFinalBueno/Backend/project-backend-aromalife-adn/node_modules/@nestjs/core/injector/injector.js:144:27)
    at TestingInjector.loadInstance (/Users/davidef/Desktop/Icesi/7 semestre/Compunet3/ProyectoFinalBueno/Backend/project-backend-aromalife-adn/node_modules/@nestjs/core/injector/injector.js:70:13)
    at TestingInjector.loadProvider (/Users/davidef/Desktop/Icesi/7 semestre/Compunet3/ProyectoFinalBueno/Backend/project-backend-aromalife-adn/node_modules/@nestjs/core/injector/injector.js:98:9)
    at /Users/davidef/Desktop/Icesi/7 semestre/Compunet3/ProyectoFinalBueno/Backend/project-backend-aromalife-adn/node_modules/@nestjs/core/injector/instance-loader.js:56:13
    at async Promise.all (index 3)
    at TestingInstanceLoader.createInstancesOfProviders (/Users/davidef/Desktop/Icesi/7 semestre/Compunet3/ProyectoFinalBueno/Backend/project-backend-aromalife-adn/node_modules/@nestjs/core/injector/instance-loader.js:55:9)
    at /Users/davidef/Desktop/Icesi/7 semestre/Compunet3/ProyectoFinalBueno/Backend/project-backend-aromalife-adn/node_modules/@nestjs/core/injector/instance-loader.js:40:13
    at async Promise.all (index 1)
    at TestingInstanceLoader.createInstances (/Users/davidef/Desktop/Icesi/7 semestre/Compunet3/ProyectoFinalBueno/Backend/project-backend-aromalife-adn/node_modules/@nestjs/core/injector/instance-loader.js:39:9)
    at TestingInstanceLoader.createInstancesOfDependencies (/Users/davidef/Desktop/Icesi/7 semestre/Compunet3/ProyectoFinalBueno/Backend/project-backend-aromalife-adn/node_modules/@nestjs/core/injector/instance-loader.js:22:13)
    at TestingInstanceLoader.createInstancesOfDependencies (/Users/davidef/Desktop/Icesi/7 semestre/Compunet3/ProyectoFinalBueno/Backend/project-backend-aromalife-adn/node_modules/@nestjs/testing/testing-instance-loader.js:9:9)
    at TestingModuleBuilder.createInstancesOfDependencies (/Users/davidef/Desktop/Icesi/7 semestre/Compunet3/ProyectoFinalBueno/Backend/project-backend-aromalife-adn/node_modules/@nestjs/testing/testing-module.builder.js:118:9)
    at TestingModuleBuilder.compile (/Users/davidef/Desktop/Icesi/7 semestre/Compunet3/ProyectoFinalBueno/Backend/project-backend-aromalife-adn/node_modules/@nestjs/testing/testing-module.builder.js:74:9)
    at Object.&lt;anonymous&gt; (/Users/davidef/Desktop/Icesi/7 semestre/Compunet3/ProyectoFinalBueno/Backend/project-backend-aromalife-adn/test/unitTest/gifts/gifts.service.spec.ts:34:35)</failure>
    </testcase>
    <testcase classname="GiftsService &gt; update" name="should throw NotFoundException if gift is not found" time="0.001">
      <failure>Error: Nest can&apos;t resolve dependencies of the GiftsService (GiftRepository, ?). Please make sure that the argument CloudinaryService at index [1] is available in the RootTestModule context.

Potential solutions:
- Is RootTestModule a valid NestJS module?
- If CloudinaryService is a provider, is it part of the current RootTestModule?
- If CloudinaryService is exported from a separate @Module, is that module imported within RootTestModule?
  @Module({
    imports: [ /* the Module containing CloudinaryService */ ]
  })

[...]
    at TestingModuleBuilder.compile (/Users/davidef/Desktop/Icesi/7 semestre/Compunet3/ProyectoFinalBueno/Backend/project-backend-aromalife-adn/node_modules/@nestjs/testing/testing-module.builder.js:74:9)
    at Object.&lt;anonymous&gt; (/Users/davidef/Desktop/Icesi/7 semestre/Compunet3/ProyectoFinalBueno/Backend/project-backend-aromalife-adn/test/unitTest/candles/candles.controller.spec.ts:36:35)</failure>
    </testcase>
    <testcase classname="CandlesController &gt; findOne" name="should return a candle" time="0.002">
      <failure>Error: Nest can&apos;t resolve dependencies of the CandlesService (CandleRepository, ContainerRepository, AromaRepository, GiftRepository, UserRepository, ?, OrderItemRepository, CloudinaryService, QrGeneratorService, LabelsService). Please make sure that the argument &quot;CartItemRepository&quot; at index [5] is available in the RootTestModule context.

Potential solutions:
- Is RootTestModule a valid NestJS module?
- If &quot;CartItemRepository&quot; is a provider, is it part of the current RootTestModule?
- If &quot;CartItemRepository&quot; is exported from a separate @Module, is that module imported within RootTestModule?
  @Module({
    imports: [ /* the Module containing &quot;CartItemRepository&quot; */ ]
  })

    at TestingInjector.lookupComponentInParentModules (/Users/davidef/Desktop/Icesi/7 semestre/Compunet3/ProyectoFinalBueno/Backend/project-backend-aromalife-adn/node_modules/@nestjs/core/injector/injector.js:262:19)
    at processTicksAndRejections (node:internal/process/task_queues:105:5)
    at TestingInjector.resolveComponentInstance (/Users/davidef/Desktop/Icesi/7 semestre/Compunet3/ProyectoFinalBueno/Backend/project-backend-aromalife-adn/node_modules/@nestjs/core/injector/injector.js:215:33)
    at TestingInjector.resolveComponentInstance (/Users/davidef/Desktop/Icesi/7 semestre/Compunet3/ProyectoFinalBueno/Backend/project-backend-aromalife-adn/node_modules/@nestjs/testing/testing-injector.js:19:45)
    at resolveParam (/Users/davidef/Desktop/Icesi/7 semestre/Compunet3/ProyectoFinalBueno/Backend/project-backend-aromalife-adn/node_modules/@nestjs/core/injector/injector.js:129:38)
    at async Promise.all (index 5)
    at TestingInjector.resolveConstructorParams (/Users/davidef/Desktop/Icesi/7 semestre/Compunet3/ProyectoFinalBueno/Backend/project-backend-aromalife-adn/node_modules/@nestjs/core/injector/injector.js:144:27)
    at TestingInjector.loadInstance (/Users/davidef/Desktop/Icesi/7 semestre/Compunet3/ProyectoFinalBueno/Backend/project-backend-aromalife-adn/node_modules/@nestjs/core/injector/injector.js:70:13)
    at TestingInjector.loadProvider (/Users/davidef/Desktop/Icesi/7 semestre/Compunet3/ProyectoFinalBueno/Backend/project-backend-aromalife-adn/node_modules/@nestjs/core/injector/injector.js:98:9)
    at /Users/davidef/Desktop/Icesi/7 semestre/Compunet3/ProyectoFinalBueno/Backend/project-backend-aromalife-adn/node_modules/@nestjs/core/injector/instance-loader.js:56:13
    at async Promise.all (index 3)
    at TestingInstanceLoader.createInstancesOfProviders (/Users/davidef/Desktop/Icesi/7 semestre/Compunet3/ProyectoFinalBueno/Backend/project-backend-aromalife-adn/node_modules/@nestjs/core/injector/instance-loader.js:55:9)
    at /Users/davidef/Desktop/Icesi/7 semestre/Compunet3/ProyectoFinalBueno/Backend/project-backend-aromalife-adn/node_modules/@nestjs/core/injector/instance-loader.js:40:13
    at async Promise.all (index 1)
    at TestingInstanceLoader.createInstances (/Users/davidef/Desktop/Icesi/7 semestre/Compunet3/ProyectoFinalBueno/Backend/project-backend-aromalife-adn/node_modules/@nestjs/core/injector/instance-loader.js:39:9)
    at TestingInstanceLoader.createInstancesOfDependencies (/Users/davidef/Desktop/Icesi/7 semestre/Compunet3/ProyectoFinalBueno/Backend/project-backend-aromalife-adn/node_modules/@nestjs/core/injector/instance-loader.js:22:13)
    at TestingInstanceLoader.createInstancesOfDependencies (/Users/davidef/Desktop/Icesi/7 semestre/Compunet3/ProyectoFinalBueno/Backend/project-backend-aromalife-adn/node_modules/@nestjs/testing/testing-instance-loader.js:9:9)
    at TestingModuleBuilder.createInstancesOfDependencies (/Users/davidef/Desktop/Icesi/7 semestre/Compunet3/ProyectoFinalBueno/Backend/project-backend-aromalife-adn/node_modules/@nestjs/testing/testing-module.builder.js:118:9)
    at TestingModuleBuilder.compile (/Users/davidef/Desktop/Icesi/7 semestre/Compunet3/ProyectoFinalBueno/Backend/project-backend-aromalife-adn/node_modules/@nestjs/testing/testing-module.builder.js:74:9)
    at Object.&lt;anonymous&gt; (/Users/davidef/Desktop/Icesi/7 semestre/Compunet3/ProyectoFinalBueno/Backend/project-backend-aromalife-adn/test/unitTest/candles/candles.controller.spec.ts:36:35)</failure>
    </testcase>
    <testcase classname="CandlesController &gt; create" name="should create a candle" time="0.002">
      <failure>Error: Nest can&apos;t resolve dependencies of the CandlesService (CandleRepository, ContainerRepository, AromaRepository, GiftRepository, UserRepository, ?, OrderItemRepository, CloudinaryService, QrGeneratorService, LabelsService). Please make sure that the argument &quot;CartItemRepository&quot; at index [5] is available in the RootTestModule context.

Potential solutions:
- Is RootTestModule a valid NestJS module?
- If &quot;CartItemRepository&quot; is a provider, is it part of the current RootTestModule?
- If &quot;CartItemRepository&quot; is exported from a separate @Module, is that module imported within RootTestModule?
  @Module({
    imports: [ /* the Module containing &quot;CartItemRepository&quot; */ ]
  })

    at TestingInjector.lookupComponentInParentModules (/Users/davidef/Desktop/Icesi/7 semestre/Compunet3/ProyectoFinalBueno/Backend/project-backend-aromalife-adn/node_modules/@nestjs/core/injector/injector.js:262:19)
    at processTicksAndRejections (node:internal/process/task_queues:105:5)
    at TestingInjector.resolveComponentInstance (/Users/davidef/Desktop/Icesi/7 semestre/Compunet3/ProyectoFinalBueno/Backend/project-backend-aromalife-adn/node_modules/@nestjs/core/injector/injector.js:215:33)
    at TestingInjector.resolveComponentInstance (/Users/davidef/Desktop/Icesi/7 semestre/Compunet3/ProyectoFinalBueno/Backend/project-backend-aromalife-adn/node_modules/@nestjs/testing/testing-injector.js:19:45)
    at resolveParam (/Users/davidef/Desktop/Icesi/7 semestre/Compunet3/ProyectoFinalBueno/Backend/project-backend-aromalife-adn/node_modules/@nestjs/core/injector/injector.js:129:38)
    at async Promise.all (index 5)
    at TestingInjector.resolveConstructorParams (/Users/davidef/Desktop/Icesi/7 semestre/Compunet3/ProyectoFinalBueno/Backend/project-backend-aromalife-adn/node_modules/@nestjs/core/injector/injector.js:144:27)
    at TestingInjector.loadInstance (/Users/davidef/Desktop/Icesi/7 semestre/Compunet3/ProyectoFinalBueno/Backend/project-backend-aromalife-adn/node_modules/@nestjs/core/injector/injector.js:70:13)
    at TestingInjector.loadProvider (/Users/davidef/Desktop/Icesi/7 semestre/Compunet3/ProyectoFinalBueno/Backend/project-backend-aromalife-adn/node_modules/@nestjs/core/injector/injector.js:98:9)
    at /Users/davidef/Desktop/Icesi/7 semestre/Compunet3/ProyectoFinalBueno/Backend/project-backend-aromalife-adn/node_modules/@nestjs/core/injector/instance-loader.js:56:13
    at async Promise.all (index 3)
    at TestingInstanceLoader.createInstancesOfProviders (/Users/davidef/Desktop/Icesi/7 semestre/Compunet3/ProyectoFinalBueno/Backend/project-backend-aromalife-adn/node_modules/@nestjs/core/injector/instance-loader.js:55:9)
    at /Users/davidef/Desktop/Icesi/7 semestre/Compunet3/ProyectoFinalBueno/Backend/project-backend-aromalife-adn/node_modules/@nestjs/core/injector/instance-loader.js:40:13
    at async Promise.all (index 1)
    at TestingInstanceLoader.createInstances (/Users/davidef/Desktop/Icesi/7 semestre/Compunet3/ProyectoFinalBueno/Backend/project-backend-aromalife-adn/node_modules/@nestjs/core/injector/instance-loader.js:39:9)
    at TestingInstanceLoader.createInstancesOfDependencies (/Users/davidef/Desktop/Icesi/7 semestre/Compunet3/ProyectoFinalBueno/Backend/project-backend-aromalife-adn/node_modules/@nestjs/core/injector/instance-loader.js:22:13)
    at TestingInstanceLoader.createInstancesOfDependencies (/Users/davidef/Desktop/Icesi/7 semestre/Compunet3/ProyectoFinalBueno/Backend/project-backend-aromalife-adn/node_modules/@nestjs/testing/testing-instance-loader.js:9:9)
    at TestingModuleBuilder.createInstancesOfDependencies (/Users/davidef/Desktop/Icesi/7 semestre/Compunet3/ProyectoFinalBueno/Backend/project-backend-aromalife-adn/node_modules/@nestjs/testing/testing-module.builder.js:118:9)
    at TestingModuleBuilder.compile (/Users/davidef/Desktop/Icesi/7 semestre/Compunet3/ProyectoFinalBueno/Backend/project-backend-aromalife-adn/node_modules/@nestjs/testing/testing-module.builder.js:74:9)
    at Object.&lt;anonymous&gt; (/Users/davidef/Desktop/Icesi/7 semestre/Compunet3/ProyectoFinalBueno/Backend/project-backend-aromalife-adn/test/unitTest/candles/candles.controller.spec.ts:36:35)</failure>
    </testcase>
    <testcase classname="CandlesController &gt; update" name="should update a candle" time="0.002">
      <failure>Error: Nest can&apos;t resolve dependencies of the CandlesService (CandleRepository, ContainerRepository, AromaRepository, GiftRepository, UserRepository, ?, OrderItemRepository, CloudinaryService, QrGeneratorService, LabelsService). Please make sure that the argument &quot;CartItemRepository&quot; at index [5] is available in the RootTestModule context.

Potential solutions:
- Is RootTestModule a valid NestJS module?
- If &quot;CartItemRepository&quot; is a provider, is it part of the current RootTestModule?
- If &quot;CartItemRepository&quot; is exported from a separate @Module, is that module imported within RootTestModule?
  @Module({
    imports: [ /* the Module containing &quot;CartItemRepository&quot; */ ]
  })

    at TestingInjector.lookupComponentInParentModules (/Users/davidef/Desktop/Icesi/7 semestre/Compunet3/ProyectoFinalBueno/Backend/project-backend-aromalife-adn/node_modules/@nestjs/core/injector/injector.js:262:19)
    at processTicksAndRejections (node:internal/process/task_queues:105:5)
    at TestingInjector.resolveComponentInstance (/Users/davidef/Desktop/Icesi/7 semestre/Compunet3/ProyectoFinalBueno/Backend/project-backend-aromalife-adn/node_modules/@nestjs/core/injector/injector.js:215:33)
    at TestingInjector.resolveComponentInstance (/Users/davidef/Desktop/Icesi/7 semestre/Compunet3/ProyectoFinalBueno/Backend/project-backend-aromalife-adn/node_modules/@nestjs/testing/testing-injector.js:19:45)
    at resolveParam (/Users/davidef/Desktop/Icesi/7 semestre/Compunet3/ProyectoFinalBueno/Backend/project-backend-aromalife-adn/node_modules/@nestjs/core/injector/injector.js:129:38)
    at async Promise.all (index 5)
    at TestingInjector.resolveConstructorParams (/Users/davidef/Desktop/Icesi/7 semestre/Compunet3/ProyectoFinalBueno/Backend/project-backend-aromalife-adn/node_modules/@nestjs/core/injector/injector.js:144:27)
    at TestingInjector.loadInstance (/Users/davidef/Desktop/Icesi/7 semestre/Compunet3/ProyectoFinalBueno/Backend/project-backend-aromalife-adn/node_modules/@nestjs/core/injector/injector.js:70:13)
    at TestingInjector.loadProvider (/Users/davidef/Desktop/Icesi/7 semestre/Compunet3/ProyectoFinalBueno/Backend/project-backend-aromalife-adn/node_modules/@nestjs/core/injector/injector.js:98:9)
    at /Users/davidef/Desktop/Icesi/7 semestre/Compunet3/ProyectoFinalBueno/Backend/project-backend-aromalife-adn/node_modules/@nestjs/core/injector/instance-loader.js:56:13
    at async Promise.all (index 3)
    at TestingInstanceLoader.createInstancesOfProviders (/Users/davidef/Desktop/Icesi/7 semestre/Compunet3/ProyectoFinalBueno/Backend/project-backend-aromalife-adn/node_modules/@nestjs/core/injector/instance-loader.js:55:9)
    at /Users/davidef/Desktop/Icesi/7 semestre/Compunet3/ProyectoFinalBueno/Backend/project-backend-aromalife-adn/node_modules/@nestjs/core/injector/instance-loader.js:40:13
    at async Promise.all (index 1)
    at TestingInstanceLoader.createInstances (/Users/davidef/Desktop/Icesi/7 semestre/Compunet3/ProyectoFinalBueno/Backend/project-backend-aromalife-adn/node_modules/@nestjs/core/injector/instance-loader.js:39:9)
    at TestingInstanceLoader.createInstancesOfDependencies (/Users/davidef/Desktop/Icesi/7 semestre/Compunet3/ProyectoFinalBueno/Backend/project-backend-aromalife-adn/node_modules/@nestjs/core/injector/instance-loader.js:22:13)
    at TestingInstanceLoader.createInstancesOfDependencies (/Users/davidef/Desktop/Icesi/7 semestre/Compunet3/ProyectoFinalBueno/Backend/project-backend-aromalife-adn/node_modules/@nestjs/testing/testing-instance-loader.js:9:9)
    at TestingModuleBuilder.createInstancesOfDependencies (/Users/davidef/Desktop/Icesi/7 semestre/Compunet3/ProyectoFinalBueno/Backend/project-backend-aromalife-adn/node_modules/@nestjs/testing/testing-module.builder.js:118:9)
    at TestingModuleBuilder.compile (/Users/davidef/Desktop/Icesi/7 semestre/Compunet3/ProyectoFinalBueno/Backend/project-backend-aromalife-adn/node_modules/@nestjs/testing/testing-module.builder.js:74:9)
    at Object.&lt;anonymous&gt; (/Users/davidef/Desktop/Icesi/7 semestre/Compunet3/ProyectoFinalBueno/Backend/project-backend-aromalife-adn/test/unitTest/candles/candles.controller.spec.ts:36:35)</failure>
    </testcase>
    <testcase classname="CandlesController &gt; remove" name="should remove a candle" time="0.002">
      <failure>Error: Nest can&apos;t resolve dependencies of the CandlesService (CandleRepository, ContainerRepository, AromaRepository, GiftRepository, UserRepository, ?, OrderItemRepository, CloudinaryService, QrGeneratorService, LabelsService). Please make sure that the argument &quot;CartItemRepository&quot; at index [5] is available in the RootTestModule context.

Potential solutions:
- Is RootTestModule a valid NestJS module?
- If &quot;CartItemRepository&quot; is a provider, is it part of the current RootTestModule?
- If &quot;CartItemRepository&quot; is exported from a separate @Module, is that module imported within RootTestModule?
  @Module({
    imports: [ /* the Module containing &quot;CartItemRepository&quot; */ ]
  })

    at TestingInjector.lookupComponentInParentModules (/Users/davidef/Desktop/Icesi/7 semestre/Compunet3/ProyectoFinalBueno/Backend/project-backend-aromalife-adn/node_modules/@nestjs/core/injector/injector.js:262:19)
    at processTicksAndRejections (node:internal/process/task_queues:105:5)
    at TestingInjector.resolveComponentInstance (/Users/davidef/Desktop/Icesi/7 semestre/Compunet3/ProyectoFinalBueno/Backend/project-backend-aromalife-adn/node_modules/@nestjs/core/injector/injector.js:215:33)
    at TestingInjector.resolveComponentInstance (/Users/davidef/Desktop/Icesi/7 semestre/Compunet3/ProyectoFinalBueno/Backend/project-backend-aromalife-adn/node_modules/@nestjs/testing/testing-injector.js:19:45)
    at resolveParam (/Users/davidef/Desktop/Icesi/7 semestre/Compunet3/ProyectoFinalBueno/Backend/project-backend-aromalife-adn/node_modules/@nestjs/core/injector/injector.js:129:38)
    at async Promise.all (index 5)
    at TestingInjector.resolveConstructorParams (/Users/davidef/Desktop/Icesi/7 semestre/Compunet3/ProyectoFinalBueno/Backend/project-backend-aromalife-adn/node_modules/@nestjs/core/injector/injector.js:144:27)
    at TestingInjector.loadInstance (/Users/davidef/Desktop/Icesi/7 semestre/Compunet3/ProyectoFinalBueno/Backend/project-backend-aromalife-adn/node_modules/@nestjs/core/injector/injector.js:70:13)
    at TestingInjector.loadProvider (/Users/davidef/Desktop/Icesi/7 semestre/Compunet3/ProyectoFinalBueno/Backend/project-backend-aromalife-adn/node_modules/@nestjs/core/injector/injector.js:98:9)
    at /Users/davidef/Desktop/Icesi/7 semestre/Compunet3/ProyectoFinalBueno/Backend/project-backend-aromalife-adn/node_modules/@nestjs/core/injector/instance-loader.js:56:13
    at async Promise.all (index 3)
    at TestingInstanceLoader.createInstancesOfProviders (/Users/davidef/Desktop/Icesi/7 semestre/Compunet3/ProyectoFinalBueno/Backend/project-backend-aromalife-adn/node_modules/@nestjs/core/injector/instance-loader.js:55:9)
    at /Users/davidef/Desktop/Icesi/7 semestre/Compunet3/ProyectoFinalBueno/Backend/project-backend-aromalife-adn/node_modules/@nestjs/core/injector/instance-loader.js:40:13
    at async Promise.all (index 1)
    at TestingInstanceLoader.createInstances (/Users/davidef/Desktop/Icesi/7 semestre/Compunet3/ProyectoFinalBueno/Backend/project-backend-aromalife-adn/node_modules/@nestjs/core/injector/instance-loader.js:39:9)
    at TestingInstanceLoader.createInstancesOfDependencies (/Users/davidef/Desktop/Icesi/7 semestre/Compunet3/ProyectoFinalBueno/Backend/project-backend-aromalife-adn/node_modules/@nestjs/core/injector/instance-loader.js:22:13)
    at TestingInstanceLoader.createInstancesOfDependencies (/Users/davidef/Desktop/Icesi/7 semestre/Compunet3/ProyectoFinalBueno/Backend/project-backend-aromalife-adn/node_modules/@nestjs/testing/testing-instance-loader.js:9:9)
    at TestingModuleBuilder.createInstancesOfDependencies (/Users/davidef/Desktop/Icesi/7 semestre/Compunet3/ProyectoFinalBueno/Backend/project-backend-aromalife-adn/node_modules/@nestjs/testing/testing-module.builder.js:118:9)
    at TestingModuleBuilder.compile (/Users/davidef/Desktop/Icesi/7 semestre/Compunet3/ProyectoFinalBueno/Backend/project-backend-aromalife-adn/node_modules/@nestjs/testing/testing-module.builder.js:74:9)
    at Object.&lt;anonymous&gt; (/Users/davidef/Desktop/Icesi/7 semestre/Compunet3/ProyectoFinalBueno/Backend/project-backend-aromalife-adn/test/unitTest/candles/candles.controller.spec.ts:36:35)</failure>
    </testcase>
  </testsuite>
  <testsuite name="AppController" errors="0" failures="0" skipped="0" timestamp="2025-10-06T13:36:57" time="0.434" tests="1">
    <testcase classname="AppController &gt; root" name="should return &quot;Backend is running in NestJS!&quot;" time="0.005">
    </testcase>
  </testsuite>
  <testsuite name="PlacesService" errors="0" failures="0" skipped="0" timestamp="2025-10-06T13:36:57" time="0.893" tests="11">
    <testcase classname="PlacesService" name="should be defined" time="0.018">
    </testcase>
    <testcase classname="PlacesService" name="should create a place" time="0.003">
    </testcase>
    <testcase classname="PlacesService" name="should throw if save fails" time="0.018">
    </testcase>
    <testcase classname="PlacesService" name="should return all places" time="0.001">
    </testcase>
    <testcase classname="PlacesService" name="should throw if no places are found" time="0.012">
    </testcase>
    <testcase classname="PlacesService" name="should return one place" time="0.002">
    </testcase>
    <testcase classname="PlacesService" name="should throw if place not found" time="0.002">
    </testcase>
    <testcase classname="PlacesService" name="should update a place" time="0.003">
    </testcase>
    <testcase classname="PlacesService" name="should throw if updating non-existing place" time="0.002">
    </testcase>
    <testcase classname="PlacesService" name="should remove a place" time="0.002">
    </testcase>
    <testcase classname="PlacesService" name="should throw if removing non-existing place" time="0.002">
    </testcase>
  </testsuite>
  <testsuite name="AiController" errors="0" failures="0" skipped="0" timestamp="2025-10-06T13:36:57" time="1.157" tests="3">
    <testcase classname="AiController" name="should be defined" time="0.004">
    </testcase>
    <testcase classname="AiController &gt; generateText" name="should call service.generateText with the prompt" time="0.002">
    </testcase>
    <testcase classname="AiController &gt; generate" name="should call service.generateImage with the prompt" time="0.002">
    </testcase>
  </testsuite>
</testsuites>